<?xml version="1.0" encoding="UTF-8"?>
<robot generator="Rebot 7.1.1 (Python 3.12.8 on darwin)" generated="2025-03-07T09:23:43.171036" rpa="false" schemaversion="5">
<suite id="s1" name="Tests" source="/Users/binayakkhanal/PycharmProjects/pythonProject1/tests">
<suite id="s1-s1" name="testDemo1" source="/Users/binayakkhanal/PycharmProjects/pythonProject1/tests/testDemo1.robot">
<test id="s1-s1-t1" name="Validate Successful Login" line="11">
<kw name="open the browser with the Mortgage payment url">
<kw name="Create Webdriver" owner="SeleniumLibrary">
<msg time="2025-03-07T09:23:18.108278" level="INFO">Creating an instance of the Chrome WebDriver.</msg>
<arg>Chrome</arg>
<doc>Creates an instance of Selenium WebDriver.</doc>
<status status="PASS" start="2025-03-07T09:23:18.108172" elapsed="5.562612"/>
</kw>
<kw name="Go To" owner="SeleniumLibrary">
<msg time="2025-03-07T09:23:23.708753" level="INFO">Opening url 'https://rahulshettyacademy.com/loginpagePractise/'</msg>
<arg>https://rahulshettyacademy.com/loginpagePractise/</arg>
<doc>Navigates the current browser window to the provided ``url``.</doc>
<status status="PASS" start="2025-03-07T09:23:23.671369" elapsed="2.124718"/>
</kw>
<status status="PASS" start="2025-03-07T09:23:18.107754" elapsed="7.689418"/>
</kw>
<kw name="Fill the login Form">
<kw name="Input Text" owner="SeleniumLibrary">
<msg time="2025-03-07T09:23:25.808745" level="INFO">Typing text 'rahulshettyacademy' into text field 'id:username'.</msg>
<arg>id:username</arg>
<arg>rahulshettyacademy</arg>
<doc>Types the given ``text`` into the text field identified by ``locator``.</doc>
<status status="PASS" start="2025-03-07T09:23:25.808250" elapsed="0.814265"/>
</kw>
<kw name="Input Password" owner="SeleniumLibrary">
<msg time="2025-03-07T09:23:26.623233" level="INFO">Typing password into text field 'id:password'.</msg>
<msg time="2025-03-07T09:23:26.657769" level="INFO">Temporally setting log level to: NONE</msg>
<arg>id:password</arg>
<arg>12345678</arg>
<doc>Types the given password into the text field identified by ``locator``.</doc>
<status status="PASS" start="2025-03-07T09:23:26.622792" elapsed="0.096279"/>
</kw>
<kw name="Click Button" owner="SeleniumLibrary">
<msg time="2025-03-07T09:23:26.719688" level="INFO">Clicking button 'id:signInBtn'.</msg>
<arg>id:signInBtn</arg>
<doc>Clicks the button identified by ``locator``.</doc>
<status status="PASS" start="2025-03-07T09:23:26.719277" elapsed="0.115883"/>
</kw>
<status status="PASS" start="2025-03-07T09:23:25.807599" elapsed="1.027842"/>
</kw>
<kw name="wait until it checks and display error message">
<kw name="Wait Until Element Is Visible" owner="SeleniumLibrary">
<arg>${Error_Message_Login}</arg>
<doc>Waits until the element ``locator`` is visible.</doc>
<status status="PASS" start="2025-03-07T09:23:26.837233" elapsed="2.165273"/>
</kw>
<status status="PASS" start="2025-03-07T09:23:26.835717" elapsed="2.167053"/>
</kw>
<kw name="verify error message is correct">
<kw name="Get Text" owner="SeleniumLibrary">
<msg time="2025-03-07T09:23:29.019404" level="INFO">${result} = Incorrect username/password.</msg>
<var>${result}</var>
<arg>${Error_Message_Login}</arg>
<doc>Returns the text value of the element identified by ``locator``.</doc>
<status status="PASS" start="2025-03-07T09:23:29.003244" elapsed="0.016305"/>
</kw>
<kw name="Should Be Equal As Strings" owner="BuiltIn">
<arg>${result}</arg>
<arg>Incorrect username/password.</arg>
<doc>Fails if objects are unequal after converting them to strings.</doc>
<status status="PASS" start="2025-03-07T09:23:29.020287" elapsed="0.000237"/>
</kw>
<status status="PASS" start="2025-03-07T09:23:29.002909" elapsed="0.017665"/>
</kw>
<kw name="Close Window" owner="SeleniumLibrary" type="TEARDOWN">
<doc>Closes currently opened and selected browser window/tab.</doc>
<status status="PASS" start="2025-03-07T09:23:29.021021" elapsed="0.117812"/>
</kw>
<status status="PASS" start="2025-03-07T09:23:18.107402" elapsed="11.031498"/>
</test>
<doc>To validate the login form</doc>
<status status="PASS" start="2025-03-07T09:23:18.004000" elapsed="11.031000"/>
</suite>
<suite id="s1-s2" name="testDemo2" source="/Users/binayakkhanal/PycharmProjects/pythonProject1/tests/testDemo2.robot">
<test id="s1-s2-t1" name="Validate UnSuccessful Login" line="18">
<kw name="Open the browser with the Mortgage payment url" owner="Generic" type="SETUP">
<kw name="Create Webdriver" owner="SeleniumLibrary">
<msg time="2025-03-07T09:23:18.097642" level="INFO">Creating an instance of the Chrome WebDriver.</msg>
<arg>Chrome</arg>
<doc>Creates an instance of Selenium WebDriver.</doc>
<status status="PASS" start="2025-03-07T09:23:18.097342" elapsed="6.853520"/>
</kw>
<kw name="Go To" owner="SeleniumLibrary">
<msg time="2025-03-07T09:23:24.951942" level="INFO">Opening url 'https://rahulshettyacademy.com/loginpagePractise/'</msg>
<arg>${url}</arg>
<doc>Navigates the current browser window to the provided ``url``.</doc>
<status status="PASS" start="2025-03-07T09:23:24.951455" elapsed="0.871921"/>
</kw>
<status status="PASS" start="2025-03-07T09:23:18.096182" elapsed="7.734855"/>
</kw>
<kw name="Fill the login Form">
<kw name="Input Text" owner="SeleniumLibrary">
<msg time="2025-03-07T09:23:25.846941" level="INFO">Typing text 'rahulshettyacademy' into text field 'id:username'.</msg>
<arg>id:username</arg>
<arg>${username}</arg>
<doc>Types the given ``text`` into the text field identified by ``locator``.</doc>
<status status="PASS" start="2025-03-07T09:23:25.846354" elapsed="0.775063"/>
</kw>
<kw name="Input Password" owner="SeleniumLibrary">
<msg time="2025-03-07T09:23:26.622232" level="INFO">Typing password into text field 'id:password'.</msg>
<msg time="2025-03-07T09:23:26.655019" level="INFO">Temporally setting log level to: NONE</msg>
<arg>id:password</arg>
<arg>${password}</arg>
<doc>Types the given password into the text field identified by ``locator``.</doc>
<status status="PASS" start="2025-03-07T09:23:26.621892" elapsed="0.094749"/>
</kw>
<kw name="Click Button" owner="SeleniumLibrary">
<msg time="2025-03-07T09:23:26.717769" level="INFO">Clicking button 'id:signInBtn'.</msg>
<arg>id:signInBtn</arg>
<doc>Clicks the button identified by ``locator``.</doc>
<status status="PASS" start="2025-03-07T09:23:26.717124" elapsed="0.110347"/>
</kw>
<arg>${user_name}</arg>
<arg>${invalid_password}</arg>
<status status="PASS" start="2025-03-07T09:23:25.845961" elapsed="0.981687"/>
</kw>
<kw name="wait until Element is located in the page">
<kw name="Wait Until Element Is Visible" owner="SeleniumLibrary">
<arg>${element}</arg>
<doc>Waits until the element ``locator`` is visible.</doc>
<status status="PASS" start="2025-03-07T09:23:26.835596" elapsed="2.155870"/>
</kw>
<arg>${Error_Message_Login}</arg>
<status status="PASS" start="2025-03-07T09:23:26.827835" elapsed="2.163818"/>
</kw>
<kw name="verify error message is correct">
<kw name="Get Text" owner="SeleniumLibrary">
<msg time="2025-03-07T09:23:29.013337" level="INFO">${result} = Incorrect username/password.</msg>
<var>${result}</var>
<arg>${Error_Message_Login}</arg>
<doc>Returns the text value of the element identified by ``locator``.</doc>
<status status="PASS" start="2025-03-07T09:23:28.992156" elapsed="0.021216"/>
</kw>
<kw name="Should Be Equal As Strings" owner="BuiltIn">
<arg>${result}</arg>
<arg>Incorrect username/password.</arg>
<doc>Fails if objects are unequal after converting them to strings.</doc>
<status status="PASS" start="2025-03-07T09:23:29.013683" elapsed="0.000236"/>
</kw>
<status status="PASS" start="2025-03-07T09:23:28.991851" elapsed="0.022117"/>
</kw>
<kw name="Close Window" owner="SeleniumLibrary" type="TEARDOWN">
<doc>Closes currently opened and selected browser window/tab.</doc>
<status status="PASS" start="2025-03-07T09:23:29.014203" elapsed="0.065096"/>
</kw>
<status status="PASS" start="2025-03-07T09:23:18.095775" elapsed="10.983779"/>
</test>
<test id="s1-s2-t2" name="Validate Cards display in the Shopping Page" line="24">
<kw name="Open the browser with the Mortgage payment url" owner="Generic" type="SETUP">
<kw name="Create Webdriver" owner="SeleniumLibrary">
<msg time="2025-03-07T09:23:29.083477" level="INFO">Creating an instance of the Chrome WebDriver.</msg>
<arg>Chrome</arg>
<doc>Creates an instance of Selenium WebDriver.</doc>
<status status="PASS" start="2025-03-07T09:23:29.083378" elapsed="1.315356"/>
</kw>
<kw name="Go To" owner="SeleniumLibrary">
<msg time="2025-03-07T09:23:30.400836" level="INFO">Opening url 'https://rahulshettyacademy.com/loginpagePractise/'</msg>
<arg>${url}</arg>
<doc>Navigates the current browser window to the provided ``url``.</doc>
<status status="PASS" start="2025-03-07T09:23:30.399604" elapsed="0.453750"/>
</kw>
<status status="PASS" start="2025-03-07T09:23:29.083190" elapsed="1.770453"/>
</kw>
<kw name="Fill the login Form">
<kw name="Input Text" owner="SeleniumLibrary">
<msg time="2025-03-07T09:23:30.859086" level="INFO">Typing text 'rahulshettyacademy' into text field 'id:username'.</msg>
<arg>id:username</arg>
<arg>${username}</arg>
<doc>Types the given ``text`` into the text field identified by ``locator``.</doc>
<status status="PASS" start="2025-03-07T09:23:30.858859" elapsed="0.430753"/>
</kw>
<kw name="Input Password" owner="SeleniumLibrary">
<msg time="2025-03-07T09:23:31.290006" level="INFO">Typing password into text field 'id:password'.</msg>
<msg time="2025-03-07T09:23:31.317424" level="INFO">Temporally setting log level to: NONE</msg>
<arg>id:password</arg>
<arg>${password}</arg>
<doc>Types the given password into the text field identified by ``locator``.</doc>
<status status="PASS" start="2025-03-07T09:23:31.289793" elapsed="0.078987"/>
</kw>
<kw name="Click Button" owner="SeleniumLibrary">
<msg time="2025-03-07T09:23:31.369108" level="INFO">Clicking button 'id:signInBtn'.</msg>
<arg>id:signInBtn</arg>
<doc>Clicks the button identified by ``locator``.</doc>
<status status="PASS" start="2025-03-07T09:23:31.368945" elapsed="0.081748"/>
</kw>
<arg>${user_name}</arg>
<arg>${valid_password}</arg>
<status status="PASS" start="2025-03-07T09:23:30.854192" elapsed="0.596987"/>
</kw>
<kw name="wait until Element is located in the page">
<kw name="Wait Until Element Is Visible" owner="SeleniumLibrary">
<arg>${element}</arg>
<doc>Waits until the element ``locator`` is visible.</doc>
<status status="PASS" start="2025-03-07T09:23:31.451745" elapsed="3.483545"/>
</kw>
<arg>${Shop_Page_Load}</arg>
<status status="PASS" start="2025-03-07T09:23:31.451421" elapsed="3.484068"/>
</kw>
<kw name="Verify Card titles in the Shop page">
<kw name="Create List" owner="BuiltIn">
<msg time="2025-03-07T09:23:34.936818" level="INFO">@{expectedList} = [ iphone X | Samsung Note 8 | Nokia Edge | Blackberry ]</msg>
<var>@{expectedList}</var>
<arg>iphone X</arg>
<arg>Samsung Note 8</arg>
<arg>Nokia Edge</arg>
<arg>Blackberry</arg>
<doc>Returns a list containing given items.</doc>
<status status="PASS" start="2025-03-07T09:23:34.936585" elapsed="0.000258"/>
</kw>
<kw name="Get WebElements" owner="SeleniumLibrary">
<msg time="2025-03-07T09:23:34.948182" level="INFO">${elements} = [&lt;selenium.webdriver.remote.webelement.WebElement (session="10ec02adaaef989bfb86755c907a1e94", element="f.606DAE9E36069D18506C49D9158317EA.d.ECDC991B8A32ADE28A4541EB70C9C4E3.e.54")&gt;, &lt;selenium.webdriv...</msg>
<var>${elements}</var>
<arg>css:.card-title</arg>
<doc>Returns a list of WebElement objects matching the ``locator``.</doc>
<status status="PASS" start="2025-03-07T09:23:34.936945" elapsed="0.011303"/>
</kw>
<kw name="Create List" owner="BuiltIn">
<msg time="2025-03-07T09:23:34.949183" level="INFO">@{actualList} = [ ]</msg>
<var>@{actualList}</var>
<doc>Returns a list containing given items.</doc>
<status status="PASS" start="2025-03-07T09:23:34.949014" elapsed="0.000187"/>
</kw>
<for flavor="IN">
<iter>
<kw name="Log" owner="BuiltIn">
<msg time="2025-03-07T09:23:34.976114" level="INFO">iphone X</msg>
<arg>${element.text}</arg>
<doc>Logs the given message with the given level.</doc>
<status status="PASS" start="2025-03-07T09:23:34.950729" elapsed="0.025524"/>
</kw>
<kw name="Append To List" owner="Collections">
<arg>${actualList}</arg>
<arg>${element.text}</arg>
<doc>Adds ``values`` to the end of ``list``.</doc>
<status status="PASS" start="2025-03-07T09:23:34.980144" elapsed="0.018209"/>
</kw>
<var name="${element}">&lt;selenium.webdriver.remote.webelement.WebElement (session="10ec02adaaef989bfb86755c907a1e94", element="f.606DAE9E36069D18506C49D9158317EA.d.ECDC991B8A32ADE28A4541EB70C9C4E3.e.54")&gt;</var>
<status status="PASS" start="2025-03-07T09:23:34.950391" elapsed="0.048076"/>
</iter>
<iter>
<kw name="Log" owner="BuiltIn">
<msg time="2025-03-07T09:23:35.007696" level="INFO">Samsung Note 8</msg>
<arg>${element.text}</arg>
<doc>Logs the given message with the given level.</doc>
<status status="PASS" start="2025-03-07T09:23:34.999136" elapsed="0.008609"/>
</kw>
<kw name="Append To List" owner="Collections">
<arg>${actualList}</arg>
<arg>${element.text}</arg>
<doc>Adds ``values`` to the end of ``list``.</doc>
<status status="PASS" start="2025-03-07T09:23:35.007867" elapsed="0.007301"/>
</kw>
<var name="${element}">&lt;selenium.webdriver.remote.webelement.WebElement (session="10ec02adaaef989bfb86755c907a1e94", element="f.606DAE9E36069D18506C49D9158317EA.d.ECDC991B8A32ADE28A4541EB70C9C4E3.e.55")&gt;</var>
<status status="PASS" start="2025-03-07T09:23:34.998873" elapsed="0.016384"/>
</iter>
<iter>
<kw name="Log" owner="BuiltIn">
<msg time="2025-03-07T09:23:35.021768" level="INFO">Nokia Edge</msg>
<arg>${element.text}</arg>
<doc>Logs the given message with the given level.</doc>
<status status="PASS" start="2025-03-07T09:23:35.015622" elapsed="0.006188"/>
</kw>
<kw name="Append To List" owner="Collections">
<arg>${actualList}</arg>
<arg>${element.text}</arg>
<doc>Adds ``values`` to the end of ``list``.</doc>
<status status="PASS" start="2025-03-07T09:23:35.021955" elapsed="0.005689"/>
</kw>
<var name="${element}">&lt;selenium.webdriver.remote.webelement.WebElement (session="10ec02adaaef989bfb86755c907a1e94", element="f.606DAE9E36069D18506C49D9158317EA.d.ECDC991B8A32ADE28A4541EB70C9C4E3.e.56")&gt;</var>
<status status="PASS" start="2025-03-07T09:23:35.015415" elapsed="0.012289"/>
</iter>
<iter>
<kw name="Log" owner="BuiltIn">
<msg time="2025-03-07T09:23:35.034687" level="INFO">Blackberry</msg>
<arg>${element.text}</arg>
<doc>Logs the given message with the given level.</doc>
<status status="PASS" start="2025-03-07T09:23:35.027994" elapsed="0.006894"/>
</kw>
<kw name="Append To List" owner="Collections">
<arg>${actualList}</arg>
<arg>${element.text}</arg>
<doc>Adds ``values`` to the end of ``list``.</doc>
<status status="PASS" start="2025-03-07T09:23:35.035086" elapsed="0.006258"/>
</kw>
<var name="${element}">&lt;selenium.webdriver.remote.webelement.WebElement (session="10ec02adaaef989bfb86755c907a1e94", element="f.606DAE9E36069D18506C49D9158317EA.d.ECDC991B8A32ADE28A4541EB70C9C4E3.e.57")&gt;</var>
<status status="PASS" start="2025-03-07T09:23:35.027887" elapsed="0.013611"/>
</iter>
<var>${element}</var>
<value>@{elements}</value>
<status status="PASS" start="2025-03-07T09:23:34.949423" elapsed="0.092175"/>
</for>
<kw name="Lists Should Be Equal" owner="Collections">
<arg>${expectedList}</arg>
<arg>${actualList}</arg>
<doc>Fails if given lists are unequal.</doc>
<status status="PASS" start="2025-03-07T09:23:35.041883" elapsed="0.000454"/>
</kw>
<status status="PASS" start="2025-03-07T09:23:34.936156" elapsed="0.106280"/>
</kw>
<kw name="Select the Card">
<kw name="Get WebElements" owner="SeleniumLibrary">
<msg time="2025-03-07T09:23:35.049380" level="INFO">${elements} = [&lt;selenium.webdriver.remote.webelement.WebElement (session="10ec02adaaef989bfb86755c907a1e94", element="f.606DAE9E36069D18506C49D9158317EA.d.ECDC991B8A32ADE28A4541EB70C9C4E3.e.54")&gt;, &lt;selenium.webdriv...</msg>
<var>${elements}</var>
<arg>css:.card-title</arg>
<doc>Returns a list of WebElement objects matching the ``locator``.</doc>
<status status="PASS" start="2025-03-07T09:23:35.042919" elapsed="0.006518"/>
</kw>
<kw name="Set Variable" owner="BuiltIn">
<msg time="2025-03-07T09:23:35.049907" level="INFO">${index} = 1</msg>
<var>${index}</var>
<arg>1</arg>
<doc>Returns the given values which can then be assigned to a variables.</doc>
<status status="PASS" start="2025-03-07T09:23:35.049651" elapsed="0.000335"/>
</kw>
<for flavor="IN">
<iter>
<kw name="Evaluate" owner="BuiltIn">
<msg time="2025-03-07T09:23:35.066896" level="INFO">${condition} = False</msg>
<var>${condition}</var>
<arg>'${element.text}' == '${cardName}'</arg>
<doc>Evaluates the given expression in Python and returns the result.</doc>
<status status="PASS" start="2025-03-07T09:23:35.050572" elapsed="0.016355"/>
</kw>
<kw name="Exit For Loop If" owner="BuiltIn">
<arg>${condition}</arg>
<doc>Stops executing the enclosing FOR loop if the ``condition`` is true.</doc>
<status status="PASS" start="2025-03-07T09:23:35.067039" elapsed="0.000187"/>
</kw>
<kw name="Evaluate" owner="BuiltIn">
<msg time="2025-03-07T09:23:35.067406" level="INFO">${index} = 2</msg>
<var>${index}</var>
<arg>${index} + 1</arg>
<doc>Evaluates the given expression in Python and returns the result.</doc>
<status status="PASS" start="2025-03-07T09:23:35.067297" elapsed="0.000188"/>
</kw>
<var name="${element}">&lt;selenium.webdriver.remote.webelement.WebElement (session="10ec02adaaef989bfb86755c907a1e94", element="f.606DAE9E36069D18506C49D9158317EA.d.ECDC991B8A32ADE28A4541EB70C9C4E3.e.54")&gt;</var>
<status status="PASS" start="2025-03-07T09:23:35.050435" elapsed="0.017098"/>
</iter>
<iter>
<kw name="Evaluate" owner="BuiltIn">
<msg time="2025-03-07T09:23:35.079365" level="INFO">${condition} = False</msg>
<var>${condition}</var>
<arg>'${element.text}' == '${cardName}'</arg>
<doc>Evaluates the given expression in Python and returns the result.</doc>
<status status="PASS" start="2025-03-07T09:23:35.067709" elapsed="0.011708"/>
</kw>
<kw name="Exit For Loop If" owner="BuiltIn">
<arg>${condition}</arg>
<doc>Stops executing the enclosing FOR loop if the ``condition`` is true.</doc>
<status status="PASS" start="2025-03-07T09:23:35.079725" elapsed="0.000163"/>
</kw>
<kw name="Evaluate" owner="BuiltIn">
<msg time="2025-03-07T09:23:35.080485" level="INFO">${index} = 3</msg>
<var>${index}</var>
<arg>${index} + 1</arg>
<doc>Evaluates the given expression in Python and returns the result.</doc>
<status status="PASS" start="2025-03-07T09:23:35.080048" elapsed="0.000463"/>
</kw>
<var name="${element}">&lt;selenium.webdriver.remote.webelement.WebElement (session="10ec02adaaef989bfb86755c907a1e94", element="f.606DAE9E36069D18506C49D9158317EA.d.ECDC991B8A32ADE28A4541EB70C9C4E3.e.55")&gt;</var>
<status status="PASS" start="2025-03-07T09:23:35.067649" elapsed="0.012914"/>
</iter>
<iter>
<kw name="Evaluate" owner="BuiltIn">
<msg time="2025-03-07T09:23:35.089912" level="INFO">${condition} = False</msg>
<var>${condition}</var>
<arg>'${element.text}' == '${cardName}'</arg>
<doc>Evaluates the given expression in Python and returns the result.</doc>
<status status="PASS" start="2025-03-07T09:23:35.080901" elapsed="0.009056"/>
</kw>
<kw name="Exit For Loop If" owner="BuiltIn">
<arg>${condition}</arg>
<doc>Stops executing the enclosing FOR loop if the ``condition`` is true.</doc>
<status status="PASS" start="2025-03-07T09:23:35.090117" elapsed="0.000104"/>
</kw>
<kw name="Evaluate" owner="BuiltIn">
<msg time="2025-03-07T09:23:35.090461" level="INFO">${index} = 4</msg>
<var>${index}</var>
<arg>${index} + 1</arg>
<doc>Evaluates the given expression in Python and returns the result.</doc>
<status status="PASS" start="2025-03-07T09:23:35.090283" elapsed="0.000194"/>
</kw>
<var name="${element}">&lt;selenium.webdriver.remote.webelement.WebElement (session="10ec02adaaef989bfb86755c907a1e94", element="f.606DAE9E36069D18506C49D9158317EA.d.ECDC991B8A32ADE28A4541EB70C9C4E3.e.56")&gt;</var>
<status status="PASS" start="2025-03-07T09:23:35.080718" elapsed="0.009786"/>
</iter>
<iter>
<kw name="Evaluate" owner="BuiltIn">
<msg time="2025-03-07T09:23:35.101773" level="INFO">${condition} = True</msg>
<var>${condition}</var>
<arg>'${element.text}' == '${cardName}'</arg>
<doc>Evaluates the given expression in Python and returns the result.</doc>
<status status="PASS" start="2025-03-07T09:23:35.090658" elapsed="0.011153"/>
</kw>
<kw name="Exit For Loop If" owner="BuiltIn">
<msg time="2025-03-07T09:23:35.102195" level="INFO">Exiting for loop altogether.</msg>
<arg>${condition}</arg>
<doc>Stops executing the enclosing FOR loop if the ``condition`` is true.</doc>
<status status="PASS" start="2025-03-07T09:23:35.102026" elapsed="0.000454"/>
</kw>
<kw name="Evaluate" owner="BuiltIn">
<var>${index}</var>
<arg>${index} + 1</arg>
<doc>Evaluates the given expression in Python and returns the result.</doc>
<status status="NOT RUN" start="2025-03-07T09:23:35.102564" elapsed="0.000034"/>
</kw>
<var name="${element}">&lt;selenium.webdriver.remote.webelement.WebElement (session="10ec02adaaef989bfb86755c907a1e94", element="f.606DAE9E36069D18506C49D9158317EA.d.ECDC991B8A32ADE28A4541EB70C9C4E3.e.57")&gt;</var>
<status status="PASS" start="2025-03-07T09:23:35.090586" elapsed="0.012046"/>
</iter>
<var>${element}</var>
<value>@{elements}</value>
<status status="PASS" start="2025-03-07T09:23:35.050168" elapsed="0.052528"/>
</for>
<kw name="Click Button" owner="SeleniumLibrary">
<msg time="2025-03-07T09:23:35.103246" level="INFO">Clicking button 'xpath:(//*[@class='card-footer'])[4]/button'.</msg>
<arg>xpath:(//*[@class='card-footer'])[${index}]/button</arg>
<doc>Clicks the button identified by ``locator``.</doc>
<status status="PASS" start="2025-03-07T09:23:35.102812" elapsed="0.057801"/>
</kw>
<arg>${cardName}</arg>
<status status="PASS" start="2025-03-07T09:23:35.042562" elapsed="0.118309"/>
</kw>
<kw name="Close Window" owner="SeleniumLibrary" type="TEARDOWN">
<doc>Closes currently opened and selected browser window/tab.</doc>
<status status="PASS" start="2025-03-07T09:23:35.161548" elapsed="0.068963"/>
</kw>
<status status="PASS" start="2025-03-07T09:23:29.082649" elapsed="6.148028"/>
</test>
<test id="s1-s2-t3" name="Select the Form and navigate to Child window" line="31">
<kw name="Open the browser with the Mortgage payment url" owner="Generic" type="SETUP">
<kw name="Create Webdriver" owner="SeleniumLibrary">
<msg time="2025-03-07T09:23:35.232240" level="INFO">Creating an instance of the Chrome WebDriver.</msg>
<arg>Chrome</arg>
<doc>Creates an instance of Selenium WebDriver.</doc>
<status status="PASS" start="2025-03-07T09:23:35.231905" elapsed="0.854610"/>
</kw>
<kw name="Go To" owner="SeleniumLibrary">
<msg time="2025-03-07T09:23:36.087303" level="INFO">Opening url 'https://rahulshettyacademy.com/loginpagePractise/'</msg>
<arg>${url}</arg>
<doc>Navigates the current browser window to the provided ``url``.</doc>
<status status="PASS" start="2025-03-07T09:23:36.087050" elapsed="0.272617"/>
</kw>
<status status="PASS" start="2025-03-07T09:23:35.231469" elapsed="1.128532"/>
</kw>
<kw name="Fill the Login Details and select the User option">
<kw name="Input Text" owner="SeleniumLibrary">
<msg time="2025-03-07T09:23:36.361368" level="INFO">Typing text 'rahulshettyacademy' into text field 'id:username'.</msg>
<arg>id:username</arg>
<arg>rahulshettyacademy</arg>
<doc>Types the given ``text`` into the text field identified by ``locator``.</doc>
<status status="PASS" start="2025-03-07T09:23:36.360699" elapsed="0.111398"/>
</kw>
<kw name="Input Password" owner="SeleniumLibrary">
<msg time="2025-03-07T09:23:36.472382" level="INFO">Typing password into text field 'id:password'.</msg>
<msg time="2025-03-07T09:23:36.491003" level="INFO">Temporally setting log level to: NONE</msg>
<arg>id:password</arg>
<arg>learning</arg>
<doc>Types the given password into the text field identified by ``locator``.</doc>
<status status="PASS" start="2025-03-07T09:23:36.472237" elapsed="0.043439"/>
</kw>
<kw name="Click Element" owner="SeleniumLibrary">
<msg time="2025-03-07T09:23:36.516392" level="INFO">Clicking element 'css:input[value='user']'.</msg>
<arg>css:input[value='user']</arg>
<doc>Click the element identified by ``locator``.</doc>
<status status="PASS" start="2025-03-07T09:23:36.516005" elapsed="0.041879"/>
</kw>
<kw name="Wait Until Element Is Visible" owner="SeleniumLibrary">
<arg>css:.modal-body</arg>
<doc>Waits until the element ``locator`` is visible.</doc>
<status status="PASS" start="2025-03-07T09:23:36.558046" elapsed="0.223198"/>
</kw>
<kw name="Double Click Element" owner="SeleniumLibrary">
<msg time="2025-03-07T09:23:36.781536" level="INFO">Double clicking element 'id:okayBtn'.</msg>
<arg>id:okayBtn</arg>
<doc>Double clicks the element identified by ``locator``.</doc>
<status status="PASS" start="2025-03-07T09:23:36.781386" elapsed="0.269730"/>
</kw>
<kw name="Click Button" owner="SeleniumLibrary">
<msg time="2025-03-07T09:23:37.051429" level="INFO">Clicking button 'id:okayBtn'.</msg>
<arg>id:okayBtn</arg>
<doc>Clicks the button identified by ``locator``.</doc>
<status status="PASS" start="2025-03-07T09:23:37.051271" elapsed="0.033475"/>
</kw>
<kw name="Wait Until Element Is Not Visible" owner="SeleniumLibrary">
<arg>css:.modal-body</arg>
<doc>Waits until the element ``locator`` is not visible.</doc>
<status status="PASS" start="2025-03-07T09:23:37.084896" elapsed="0.216813"/>
</kw>
<kw name="Select From List By Value" owner="SeleniumLibrary">
<msg time="2025-03-07T09:23:37.302025" level="INFO">Selecting options from selection list 'css:select.form-control' by value teach.</msg>
<arg>css:select.form-control</arg>
<arg>teach</arg>
<doc>Selects options from selection list ``locator`` by ``values``.</doc>
<status status="PASS" start="2025-03-07T09:23:37.301867" elapsed="0.035008"/>
</kw>
<kw name="Select Checkbox" owner="SeleniumLibrary">
<msg time="2025-03-07T09:23:37.337173" level="INFO">Selecting checkbox 'id:terms'.</msg>
<arg>id:terms</arg>
<doc>Selects the checkbox identified by ``locator``.</doc>
<status status="PASS" start="2025-03-07T09:23:37.337033" elapsed="0.095885"/>
</kw>
<kw name="Checkbox Should Be Selected" owner="SeleniumLibrary">
<msg time="2025-03-07T09:23:37.433213" level="INFO">Verifying checkbox 'id:terms' is selected.</msg>
<arg>id:terms</arg>
<doc>Verifies checkbox ``locator`` is selected/checked.</doc>
<status status="PASS" start="2025-03-07T09:23:37.433066" elapsed="0.010624"/>
</kw>
<status status="PASS" start="2025-03-07T09:23:36.360359" elapsed="1.083404"/>
</kw>
<kw name="Close Window" owner="SeleniumLibrary" type="TEARDOWN">
<doc>Closes currently opened and selected browser window/tab.</doc>
<status status="PASS" start="2025-03-07T09:23:37.443921" elapsed="0.110468"/>
</kw>
<status status="PASS" start="2025-03-07T09:23:35.231147" elapsed="2.323321"/>
</test>
<doc>To validate the login form</doc>
<status status="PASS" start="2025-03-07T09:23:18.006635" elapsed="19.548325"/>
</suite>
<suite id="s1-s3" name="testDemo3" source="/Users/binayakkhanal/PycharmProjects/pythonProject1/tests/testDemo3.robot">
<test id="s1-s3-t1" name="Validate Child window functionality" line="19">
<kw name="Open the browser with the Mortgage payment url" owner="Generic" type="SETUP">
<kw name="Create Webdriver" owner="SeleniumLibrary">
<msg time="2025-03-07T09:23:18.120333" level="INFO">Creating an instance of the Chrome WebDriver.</msg>
<arg>Chrome</arg>
<doc>Creates an instance of Selenium WebDriver.</doc>
<status status="PASS" start="2025-03-07T09:23:18.120176" elapsed="7.074996"/>
</kw>
<kw name="Go To" owner="SeleniumLibrary">
<msg time="2025-03-07T09:23:25.198796" level="INFO">Opening url 'https://rahulshettyacademy.com/loginpagePractise/'</msg>
<arg>${url}</arg>
<doc>Navigates the current browser window to the provided ``url``.</doc>
<status status="PASS" start="2025-03-07T09:23:25.197685" elapsed="0.619413"/>
</kw>
<status status="PASS" start="2025-03-07T09:23:18.119766" elapsed="7.697484"/>
</kw>
<kw name="Select the link of child window">
<kw name="Click Element" owner="SeleniumLibrary">
<msg time="2025-03-07T09:23:25.819411" level="INFO">Clicking element 'css:.blinkingText'.</msg>
<arg>css:.blinkingText</arg>
<doc>Click the element identified by ``locator``.</doc>
<status status="PASS" start="2025-03-07T09:23:25.818515" elapsed="0.515715"/>
</kw>
<kw name="Sleep" owner="BuiltIn">
<msg time="2025-03-07T09:23:31.337209" level="INFO">Slept 5 seconds.</msg>
<arg>5</arg>
<doc>Pauses the test executed for the given time.</doc>
<status status="PASS" start="2025-03-07T09:23:26.334924" elapsed="5.002405"/>
</kw>
<status status="PASS" start="2025-03-07T09:23:25.817564" elapsed="5.519895"/>
</kw>
<kw name="Verify the user is switched to child window">
<kw name="Switch Window" owner="SeleniumLibrary">
<arg>NEW</arg>
<doc>Switches to browser window matching ``locator``.</doc>
<status status="PASS" start="2025-03-07T09:23:31.338392" elapsed="0.035906"/>
</kw>
<kw name="Element Text Should Be" owner="SeleniumLibrary">
<msg time="2025-03-07T09:23:31.374657" level="INFO">Verifying element 'css:h1' contains exact text 'DOCUMENTS REQUEST'.</msg>
<arg>css:h1</arg>
<arg>DOCUMENTS REQUEST</arg>
<doc>Verifies that element ``locator`` contains exact the text ``expected``.</doc>
<status status="PASS" start="2025-03-07T09:23:31.374494" elapsed="0.031388"/>
</kw>
<status status="PASS" start="2025-03-07T09:23:31.337592" elapsed="0.068392"/>
</kw>
<kw name="Grab the Email-id in the child window">
<kw name="Get Text" owner="SeleniumLibrary">
<msg time="2025-03-07T09:23:31.424320" level="INFO">${text} = Please email us at mentor@rahulshettyacademy.com with below template to receive response</msg>
<var>${text}</var>
<arg>css:.red</arg>
<doc>Returns the text value of the element identified by ``locator``.</doc>
<status status="PASS" start="2025-03-07T09:23:31.406389" elapsed="0.017995"/>
</kw>
<kw name="Split String" owner="String">
<msg time="2025-03-07T09:23:31.424766" level="INFO">@{words} = [ Please email us  |  mentor@rahulshettyacademy.com with below templ | e to receive response ]</msg>
<var>@{words}</var>
<arg>${text}</arg>
<arg>at</arg>
<doc>Splits the ``string`` using ``separator`` as a delimiter string.</doc>
<status status="PASS" start="2025-03-07T09:23:31.424543" elapsed="0.000244"/>
</kw>
<kw name="Get From List" owner="Collections">
<msg time="2025-03-07T09:23:31.425031" level="INFO">${text_split} =  mentor@rahulshettyacademy.com with below templ</msg>
<var>${text_split}</var>
<arg>${words}</arg>
<arg>1</arg>
<doc>Returns the value specified with an ``index`` from ``list``.</doc>
<status status="PASS" start="2025-03-07T09:23:31.424868" elapsed="0.000185"/>
</kw>
<kw name="Log" owner="BuiltIn">
<msg time="2025-03-07T09:23:31.425653" level="INFO"> mentor@rahulshettyacademy.com with below templ</msg>
<arg>${text_split}</arg>
<doc>Logs the given message with the given level.</doc>
<status status="PASS" start="2025-03-07T09:23:31.425315" elapsed="0.000470"/>
</kw>
<kw name="Split String" owner="String">
<msg time="2025-03-07T09:23:31.426085" level="INFO">@{words_2} = [ mentor@rahulshettyacademy.com | with | below | templ ]</msg>
<var>@{words_2}</var>
<arg>${text_split}</arg>
<doc>Splits the ``string`` using ``separator`` as a delimiter string.</doc>
<status status="PASS" start="2025-03-07T09:23:31.425868" elapsed="0.000236"/>
</kw>
<kw name="Get From List" owner="Collections">
<msg time="2025-03-07T09:23:31.426598" level="INFO">${email} = mentor@rahulshettyacademy.com</msg>
<var>${email}</var>
<arg>${words_2}</arg>
<arg>0</arg>
<doc>Returns the value specified with an ``index`` from ``list``.</doc>
<status status="PASS" start="2025-03-07T09:23:31.426172" elapsed="0.000515"/>
</kw>
<kw name="Log" owner="BuiltIn">
<msg time="2025-03-07T09:23:31.427251" level="INFO">mentor@rahulshettyacademy.com</msg>
<arg>${email}</arg>
<doc>Logs the given message with the given level.</doc>
<status status="PASS" start="2025-03-07T09:23:31.426858" elapsed="0.000468"/>
</kw>
<kw name="Set Global Variable" owner="BuiltIn">
<msg time="2025-03-07T09:23:31.427939" level="INFO">${email} = mentor@rahulshettyacademy.com</msg>
<arg>${email}</arg>
<doc>Makes a variable available globally in all tests and suites.</doc>
<status status="PASS" start="2025-03-07T09:23:31.427571" elapsed="0.000432"/>
</kw>
<status status="PASS" start="2025-03-07T09:23:31.406123" elapsed="0.024805"/>
</kw>
<kw name="Switch to parent window and enter the Email">
<kw name="Switch Window" owner="SeleniumLibrary">
<arg>MAIN</arg>
<doc>Switches to browser window matching ``locator``.</doc>
<status status="PASS" start="2025-03-07T09:23:31.432126" elapsed="0.017783"/>
</kw>
<kw name="Title Should Be" owner="SeleniumLibrary">
<msg time="2025-03-07T09:23:31.477683" level="INFO">Page title is 'LoginPage Practise | Rahul Shetty Academy'.</msg>
<arg>LoginPage Practise | Rahul Shetty Academy</arg>
<doc>Verifies that the current page title equals ``title``.</doc>
<status status="PASS" start="2025-03-07T09:23:31.450563" elapsed="0.027511"/>
</kw>
<kw name="Input Text" owner="SeleniumLibrary">
<msg time="2025-03-07T09:23:31.483262" level="INFO">Typing text 'mentor@rahulshettyacademy.com' into text field 'id:username'.</msg>
<arg>id:username</arg>
<arg>${email}</arg>
<doc>Types the given ``text`` into the text field identified by ``locator``.</doc>
<status status="PASS" start="2025-03-07T09:23:31.482346" elapsed="0.128144"/>
</kw>
<status status="PASS" start="2025-03-07T09:23:31.431441" elapsed="0.179148"/>
</kw>
<kw name="Close Window" owner="SeleniumLibrary" type="TEARDOWN">
<doc>Closes currently opened and selected browser window/tab.</doc>
<status status="PASS" start="2025-03-07T09:23:31.610756" elapsed="0.053533"/>
</kw>
<status status="PASS" start="2025-03-07T09:23:18.119418" elapsed="13.544961"/>
</test>
<doc>To validate the child window</doc>
<status status="PASS" start="2025-03-07T09:23:18.030383" elapsed="13.634708"/>
</suite>
<suite id="s1-s4" name="testDemo4" source="/Users/binayakkhanal/PycharmProjects/pythonProject1/tests/testDemo4.robot">
<test id="s1-s4-t1" name="Invalid username" line="12">
<kw name="Validate Unsuccessful Login">
<kw name="open the browser with the Mortgage payment url">
<kw name="Create Webdriver" owner="SeleniumLibrary">
<msg time="2025-03-07T09:23:18.091874" level="INFO">Creating an instance of the Chrome WebDriver.</msg>
<arg>Chrome</arg>
<doc>Creates an instance of Selenium WebDriver.</doc>
<status status="PASS" start="2025-03-07T09:23:18.091616" elapsed="5.756879"/>
</kw>
<kw name="Go To" owner="SeleniumLibrary">
<msg time="2025-03-07T09:23:23.859528" level="INFO">Opening url 'https://rahulshettyacademy.com/loginpagePractise/'</msg>
<arg>https://rahulshettyacademy.com/loginpagePractise/</arg>
<doc>Navigates the current browser window to the provided ``url``.</doc>
<status status="PASS" start="2025-03-07T09:23:23.859291" elapsed="1.953961"/>
</kw>
<status status="PASS" start="2025-03-07T09:23:18.090575" elapsed="7.723314"/>
</kw>
<kw name="Fill the login Form">
<kw name="Input Text" owner="SeleniumLibrary">
<msg time="2025-03-07T09:23:25.815306" level="INFO">Typing text 'dsahed' into text field 'id:username'.</msg>
<arg>id:username</arg>
<arg>${username}</arg>
<doc>Types the given ``text`` into the text field identified by ``locator``.</doc>
<status status="PASS" start="2025-03-07T09:23:25.814856" elapsed="0.785096"/>
</kw>
<kw name="Input Password" owner="SeleniumLibrary">
<msg time="2025-03-07T09:23:26.601340" level="INFO">Typing password into text field 'id:password'.</msg>
<msg time="2025-03-07T09:23:26.644940" level="INFO">Temporally setting log level to: NONE</msg>
<arg>id:password</arg>
<arg>${password}</arg>
<doc>Types the given password into the text field identified by ``locator``.</doc>
<status status="PASS" start="2025-03-07T09:23:26.600704" elapsed="0.090490"/>
</kw>
<kw name="Click Button" owner="SeleniumLibrary">
<msg time="2025-03-07T09:23:26.691873" level="INFO">Clicking button 'id:signInBtn'.</msg>
<arg>id:signInBtn</arg>
<doc>Clicks the button identified by ``locator``.</doc>
<status status="PASS" start="2025-03-07T09:23:26.691410" elapsed="0.092633"/>
</kw>
<arg>${username}</arg>
<arg>${password}</arg>
<status status="PASS" start="2025-03-07T09:23:25.814334" elapsed="0.970052"/>
</kw>
<kw name="wait until it checks and display error message">
<kw name="Wait Until Element Is Visible" owner="SeleniumLibrary">
<arg>${Error_Message_Login}</arg>
<doc>Waits until the element ``locator`` is visible.</doc>
<status status="PASS" start="2025-03-07T09:23:26.785089" elapsed="2.178685"/>
</kw>
<status status="PASS" start="2025-03-07T09:23:26.784697" elapsed="2.179536"/>
</kw>
<kw name="verify error message is correct">
<kw name="Get Text" owner="SeleniumLibrary">
<msg time="2025-03-07T09:23:28.992218" level="INFO">${result} = Incorrect username/password.</msg>
<var>${result}</var>
<arg>${Error_Message_Login}</arg>
<doc>Returns the text value of the element identified by ``locator``.</doc>
<status status="PASS" start="2025-03-07T09:23:28.965188" elapsed="0.027075"/>
</kw>
<kw name="Should Be Equal As Strings" owner="BuiltIn">
<arg>${result}</arg>
<arg>Incorrect username/password.</arg>
<doc>Fails if objects are unequal after converting them to strings.</doc>
<status status="PASS" start="2025-03-07T09:23:28.992441" elapsed="0.000343"/>
</kw>
<status status="PASS" start="2025-03-07T09:23:28.964722" elapsed="0.028128"/>
</kw>
<arg>dsahed</arg>
<arg>learning</arg>
<status status="PASS" start="2025-03-07T09:23:18.089752" elapsed="10.903196"/>
</kw>
<kw name="Close Browser" owner="SeleniumLibrary" type="TEARDOWN">
<doc>Closes the current browser.</doc>
<status status="PASS" start="2025-03-07T09:23:28.993233" elapsed="0.127838"/>
</kw>
<status status="PASS" start="2025-03-07T09:23:18.088615" elapsed="11.032529"/>
</test>
<test id="s1-s4-t2" name="Invalid password" line="13">
<kw name="Validate Unsuccessful Login">
<kw name="open the browser with the Mortgage payment url">
<kw name="Create Webdriver" owner="SeleniumLibrary">
<msg time="2025-03-07T09:23:29.122100" level="INFO">Creating an instance of the Chrome WebDriver.</msg>
<arg>Chrome</arg>
<doc>Creates an instance of Selenium WebDriver.</doc>
<status status="PASS" start="2025-03-07T09:23:29.122004" elapsed="1.280953"/>
</kw>
<kw name="Go To" owner="SeleniumLibrary">
<msg time="2025-03-07T09:23:30.407321" level="INFO">Opening url 'https://rahulshettyacademy.com/loginpagePractise/'</msg>
<arg>https://rahulshettyacademy.com/loginpagePractise/</arg>
<doc>Navigates the current browser window to the provided ``url``.</doc>
<status status="PASS" start="2025-03-07T09:23:30.404593" elapsed="0.567349"/>
</kw>
<status status="PASS" start="2025-03-07T09:23:29.121885" elapsed="1.850309"/>
</kw>
<kw name="Fill the login Form">
<kw name="Input Text" owner="SeleniumLibrary">
<msg time="2025-03-07T09:23:30.992610" level="INFO">Typing text 'rahulshetty' into text field 'id:username'.</msg>
<arg>id:username</arg>
<arg>${username}</arg>
<doc>Types the given ``text`` into the text field identified by ``locator``.</doc>
<status status="PASS" start="2025-03-07T09:23:30.991598" elapsed="0.291658"/>
</kw>
<kw name="Input Password" owner="SeleniumLibrary">
<msg time="2025-03-07T09:23:31.283918" level="INFO">Typing password into text field 'id:password'.</msg>
<msg time="2025-03-07T09:23:31.316919" level="INFO">Temporally setting log level to: NONE</msg>
<arg>id:password</arg>
<arg>${password}</arg>
<doc>Types the given password into the text field identified by ``locator``.</doc>
<status status="PASS" start="2025-03-07T09:23:31.283545" elapsed="0.081221"/>
</kw>
<kw name="Click Button" owner="SeleniumLibrary">
<msg time="2025-03-07T09:23:31.365474" level="INFO">Clicking button 'id:signInBtn'.</msg>
<arg>id:signInBtn</arg>
<doc>Clicks the button identified by ``locator``.</doc>
<status status="PASS" start="2025-03-07T09:23:31.365051" elapsed="0.087101"/>
</kw>
<arg>${username}</arg>
<arg>${password}</arg>
<status status="PASS" start="2025-03-07T09:23:30.975486" elapsed="0.476968"/>
</kw>
<kw name="wait until it checks and display error message">
<kw name="Wait Until Element Is Visible" owner="SeleniumLibrary">
<arg>${Error_Message_Login}</arg>
<doc>Waits until the element ``locator`` is visible.</doc>
<status status="PASS" start="2025-03-07T09:23:31.453274" elapsed="2.138736"/>
</kw>
<status status="PASS" start="2025-03-07T09:23:31.452840" elapsed="2.139284"/>
</kw>
<kw name="verify error message is correct">
<kw name="Get Text" owner="SeleniumLibrary">
<msg time="2025-03-07T09:23:33.603309" level="INFO">${result} = Incorrect username/password.</msg>
<var>${result}</var>
<arg>${Error_Message_Login}</arg>
<doc>Returns the text value of the element identified by ``locator``.</doc>
<status status="PASS" start="2025-03-07T09:23:33.592466" elapsed="0.010878"/>
</kw>
<kw name="Should Be Equal As Strings" owner="BuiltIn">
<arg>${result}</arg>
<arg>Incorrect username/password.</arg>
<doc>Fails if objects are unequal after converting them to strings.</doc>
<status status="PASS" start="2025-03-07T09:23:33.603460" elapsed="0.000169"/>
</kw>
<status status="PASS" start="2025-03-07T09:23:33.592239" elapsed="0.011436"/>
</kw>
<arg>rahulshetty</arg>
<arg>ploudfg</arg>
<status status="PASS" start="2025-03-07T09:23:29.121700" elapsed="4.482006"/>
</kw>
<kw name="Close Browser" owner="SeleniumLibrary" type="TEARDOWN">
<doc>Closes the current browser.</doc>
<status status="PASS" start="2025-03-07T09:23:33.603974" elapsed="0.074930"/>
</kw>
<status status="PASS" start="2025-03-07T09:23:29.121402" elapsed="4.557614"/>
</test>
<test id="s1-s4-t3" name="special characters" line="14">
<kw name="Validate Unsuccessful Login">
<kw name="open the browser with the Mortgage payment url">
<kw name="Create Webdriver" owner="SeleniumLibrary">
<msg time="2025-03-07T09:23:33.680028" level="INFO">Creating an instance of the Chrome WebDriver.</msg>
<arg>Chrome</arg>
<doc>Creates an instance of Selenium WebDriver.</doc>
<status status="PASS" start="2025-03-07T09:23:33.679948" elapsed="0.996017"/>
</kw>
<kw name="Go To" owner="SeleniumLibrary">
<msg time="2025-03-07T09:23:34.676757" level="INFO">Opening url 'https://rahulshettyacademy.com/loginpagePractise/'</msg>
<arg>https://rahulshettyacademy.com/loginpagePractise/</arg>
<doc>Navigates the current browser window to the provided ``url``.</doc>
<status status="PASS" start="2025-03-07T09:23:34.676527" elapsed="0.187305"/>
</kw>
<status status="PASS" start="2025-03-07T09:23:33.679822" elapsed="1.184162"/>
</kw>
<kw name="Fill the login Form">
<kw name="Input Text" owner="SeleniumLibrary">
<msg time="2025-03-07T09:23:34.865766" level="INFO">Typing text '@#$' into text field 'id:username'.</msg>
<msg time="2025-03-07T09:23:35.541203" level="INFO" html="true">&lt;/td&gt;&lt;/tr&gt;&lt;tr&gt;&lt;td colspan="3"&gt;&lt;a href="3-selenium-screenshot-1.png"&gt;&lt;img src="3-selenium-screenshot-1.png" width="800px"&gt;&lt;/a&gt;</msg>
<msg time="2025-03-07T09:23:35.541567" level="FAIL">Element with locator 'id:username' not found.</msg>
<arg>id:username</arg>
<arg>${username}</arg>
<doc>Types the given ``text`` into the text field identified by ``locator``.</doc>
<status status="FAIL" start="2025-03-07T09:23:34.865110" elapsed="0.681212">Element with locator 'id:username' not found.</status>
</kw>
<kw name="Input Password" owner="SeleniumLibrary">
<arg>id:password</arg>
<arg>${password}</arg>
<doc>Types the given password into the text field identified by ``locator``.</doc>
<status status="NOT RUN" start="2025-03-07T09:23:35.546842" elapsed="0.000084"/>
</kw>
<kw name="Click Button" owner="SeleniumLibrary">
<arg>id:signInBtn</arg>
<doc>Clicks the button identified by ``locator``.</doc>
<status status="NOT RUN" start="2025-03-07T09:23:35.547088" elapsed="0.000035"/>
</kw>
<arg>${username}</arg>
<arg>${password}</arg>
<status status="FAIL" start="2025-03-07T09:23:34.864574" elapsed="0.682706">Element with locator 'id:username' not found.</status>
</kw>
<kw name="wait until it checks and display error message">
<status status="NOT RUN" start="2025-03-07T09:23:35.547423" elapsed="0.000038"/>
</kw>
<kw name="verify error message is correct">
<status status="NOT RUN" start="2025-03-07T09:23:35.547525" elapsed="0.000021"/>
</kw>
<arg>@#$</arg>
<arg>learning</arg>
<status status="FAIL" start="2025-03-07T09:23:33.679568" elapsed="1.868038">Element with locator 'id:username' not found.</status>
</kw>
<kw name="Close Browser" owner="SeleniumLibrary" type="TEARDOWN">
<doc>Closes the current browser.</doc>
<status status="PASS" start="2025-03-07T09:23:35.547947" elapsed="0.075373"/>
</kw>
<status status="FAIL" start="2025-03-07T09:23:33.679256" elapsed="1.944165">Element with locator 'id:username' not found.</status>
</test>
<doc>To validate the login form</doc>
<status status="FAIL" start="2025-03-07T09:23:18.004083" elapsed="17.620056"/>
</suite>
<suite id="s1-s5" name="testDemo5" source="/Users/binayakkhanal/PycharmProjects/pythonProject1/tests/testDemo5.robot">
<test id="s1-s5-t1" name="Invalid username" line="13">
<kw name="Validate Unsuccessful Login">
<kw name="open the browser with the Mortgage payment url">
<kw name="Create Webdriver" owner="SeleniumLibrary">
<msg time="2025-03-07T09:23:18.119380" level="INFO">Creating an instance of the Chrome WebDriver.</msg>
<arg>Chrome</arg>
<doc>Creates an instance of Selenium WebDriver.</doc>
<status status="PASS" start="2025-03-07T09:23:18.119291" elapsed="5.543735"/>
</kw>
<kw name="Go To" owner="SeleniumLibrary">
<msg time="2025-03-07T09:23:23.668959" level="INFO">Opening url 'https://rahulshettyacademy.com/loginpagePractise/'</msg>
<arg>https://rahulshettyacademy.com/loginpagePractise/</arg>
<doc>Navigates the current browser window to the provided ``url``.</doc>
<status status="PASS" start="2025-03-07T09:23:23.668655" elapsed="2.150921"/>
</kw>
<status status="PASS" start="2025-03-07T09:23:18.118965" elapsed="7.729302"/>
</kw>
<kw name="Fill the login Form">
<kw name="Input Text" owner="SeleniumLibrary">
<msg time="2025-03-07T09:23:25.859361" level="INFO">Typing text 'dsahed' into text field 'id:username'.</msg>
<arg>id:username</arg>
<arg>${username}</arg>
<doc>Types the given ``text`` into the text field identified by ``locator``.</doc>
<status status="PASS" start="2025-03-07T09:23:25.858679" elapsed="0.741311"/>
</kw>
<kw name="Input Password" owner="SeleniumLibrary">
<msg time="2025-03-07T09:23:26.601168" level="INFO">Typing password into text field 'id:password'.</msg>
<msg time="2025-03-07T09:23:26.643757" level="INFO">Temporally setting log level to: NONE</msg>
<arg>id:password</arg>
<arg>${password}</arg>
<doc>Types the given password into the text field identified by ``locator``.</doc>
<status status="PASS" start="2025-03-07T09:23:26.600642" elapsed="0.090407"/>
</kw>
<kw name="Click Button" owner="SeleniumLibrary">
<msg time="2025-03-07T09:23:26.691757" level="INFO">Clicking button 'id:signInBtn'.</msg>
<arg>id:signInBtn</arg>
<doc>Clicks the button identified by ``locator``.</doc>
<status status="PASS" start="2025-03-07T09:23:26.691210" elapsed="0.093053"/>
</kw>
<arg>${username}</arg>
<arg>${password}</arg>
<status status="PASS" start="2025-03-07T09:23:25.854702" elapsed="0.929860"/>
</kw>
<kw name="wait until it checks and display error message">
<kw name="Wait Until Element Is Visible" owner="SeleniumLibrary">
<arg>${Error_Message_Login}</arg>
<doc>Waits until the element ``locator`` is visible.</doc>
<status status="PASS" start="2025-03-07T09:23:26.785372" elapsed="2.169577"/>
</kw>
<status status="PASS" start="2025-03-07T09:23:26.784870" elapsed="2.170206"/>
</kw>
<kw name="verify error message is correct">
<kw name="Get Text" owner="SeleniumLibrary">
<msg time="2025-03-07T09:23:28.970050" level="INFO">${result} = Incorrect username/password.</msg>
<var>${result}</var>
<arg>${Error_Message_Login}</arg>
<doc>Returns the text value of the element identified by ``locator``.</doc>
<status status="PASS" start="2025-03-07T09:23:28.955473" elapsed="0.014781"/>
</kw>
<kw name="Should Be Equal As Strings" owner="BuiltIn">
<arg>${result}</arg>
<arg>Incorrect username/password.</arg>
<doc>Fails if objects are unequal after converting them to strings.</doc>
<status status="PASS" start="2025-03-07T09:23:28.970444" elapsed="0.000257"/>
</kw>
<status status="PASS" start="2025-03-07T09:23:28.955215" elapsed="0.015540"/>
</kw>
<arg>username=dsahed</arg>
<arg>password=learning</arg>
<status status="PASS" start="2025-03-07T09:23:18.118782" elapsed="10.852009"/>
</kw>
<kw name="Close Browser" owner="SeleniumLibrary" type="TEARDOWN">
<doc>Closes the current browser.</doc>
<status status="PASS" start="2025-03-07T09:23:28.970944" elapsed="0.145766"/>
</kw>
<status status="PASS" start="2025-03-07T09:23:18.118192" elapsed="10.998603"/>
</test>
<test id="s1-s5-t2" name="Invalid password" line="13">
<kw name="Validate Unsuccessful Login">
<kw name="open the browser with the Mortgage payment url">
<kw name="Create Webdriver" owner="SeleniumLibrary">
<msg time="2025-03-07T09:23:29.118234" level="INFO">Creating an instance of the Chrome WebDriver.</msg>
<arg>Chrome</arg>
<doc>Creates an instance of Selenium WebDriver.</doc>
<status status="PASS" start="2025-03-07T09:23:29.118010" elapsed="1.307590"/>
</kw>
<kw name="Go To" owner="SeleniumLibrary">
<msg time="2025-03-07T09:23:30.426554" level="INFO">Opening url 'https://rahulshettyacademy.com/loginpagePractise/'</msg>
<arg>https://rahulshettyacademy.com/loginpagePractise/</arg>
<doc>Navigates the current browser window to the provided ``url``.</doc>
<status status="PASS" start="2025-03-07T09:23:30.426119" elapsed="0.567958"/>
</kw>
<status status="PASS" start="2025-03-07T09:23:29.117890" elapsed="1.876414"/>
</kw>
<kw name="Fill the login Form">
<kw name="Input Text" owner="SeleniumLibrary">
<msg time="2025-03-07T09:23:31.000314" level="INFO">Typing text 'rahulshetty' into text field 'id:username'.</msg>
<arg>id:username</arg>
<arg>${username}</arg>
<doc>Types the given ``text`` into the text field identified by ``locator``.</doc>
<status status="PASS" start="2025-03-07T09:23:30.995165" elapsed="0.289032"/>
</kw>
<kw name="Input Password" owner="SeleniumLibrary">
<msg time="2025-03-07T09:23:31.284870" level="INFO">Typing password into text field 'id:password'.</msg>
<msg time="2025-03-07T09:23:31.316106" level="INFO">Temporally setting log level to: NONE</msg>
<arg>id:password</arg>
<arg>${password}</arg>
<doc>Types the given password into the text field identified by ``locator``.</doc>
<status status="PASS" start="2025-03-07T09:23:31.284459" elapsed="0.081682"/>
</kw>
<kw name="Click Button" owner="SeleniumLibrary">
<msg time="2025-03-07T09:23:31.366632" level="INFO">Clicking button 'id:signInBtn'.</msg>
<arg>id:signInBtn</arg>
<doc>Clicks the button identified by ``locator``.</doc>
<status status="PASS" start="2025-03-07T09:23:31.366337" elapsed="0.108301"/>
</kw>
<arg>${username}</arg>
<arg>${password}</arg>
<status status="PASS" start="2025-03-07T09:23:30.994719" elapsed="0.480845"/>
</kw>
<kw name="wait until it checks and display error message">
<kw name="Wait Until Element Is Visible" owner="SeleniumLibrary">
<arg>${Error_Message_Login}</arg>
<doc>Waits until the element ``locator`` is visible.</doc>
<status status="PASS" start="2025-03-07T09:23:31.476672" elapsed="2.141479"/>
</kw>
<status status="PASS" start="2025-03-07T09:23:31.475963" elapsed="2.142271"/>
</kw>
<kw name="verify error message is correct">
<kw name="Get Text" owner="SeleniumLibrary">
<msg time="2025-03-07T09:23:33.627766" level="INFO">${result} = Incorrect username/password.</msg>
<var>${result}</var>
<arg>${Error_Message_Login}</arg>
<doc>Returns the text value of the element identified by ``locator``.</doc>
<status status="PASS" start="2025-03-07T09:23:33.618508" elapsed="0.009288"/>
</kw>
<kw name="Should Be Equal As Strings" owner="BuiltIn">
<arg>${result}</arg>
<arg>Incorrect username/password.</arg>
<doc>Fails if objects are unequal after converting them to strings.</doc>
<status status="PASS" start="2025-03-07T09:23:33.627915" elapsed="0.000177"/>
</kw>
<status status="PASS" start="2025-03-07T09:23:33.618324" elapsed="0.009824"/>
</kw>
<arg>username=rahulshetty</arg>
<arg>password=ploudfg</arg>
<status status="PASS" start="2025-03-07T09:23:29.117716" elapsed="4.510522"/>
</kw>
<kw name="Close Browser" owner="SeleniumLibrary" type="TEARDOWN">
<doc>Closes the current browser.</doc>
<status status="PASS" start="2025-03-07T09:23:33.628385" elapsed="0.073966"/>
</kw>
<status status="PASS" start="2025-03-07T09:23:29.117068" elapsed="4.585376"/>
</test>
<test id="s1-s5-t3" name="special characters" line="13">
<kw name="Validate Unsuccessful Login">
<kw name="open the browser with the Mortgage payment url">
<kw name="Create Webdriver" owner="SeleniumLibrary">
<msg time="2025-03-07T09:23:33.703596" level="INFO">Creating an instance of the Chrome WebDriver.</msg>
<arg>Chrome</arg>
<doc>Creates an instance of Selenium WebDriver.</doc>
<status status="PASS" start="2025-03-07T09:23:33.703528" elapsed="0.979745"/>
</kw>
<kw name="Go To" owner="SeleniumLibrary">
<msg time="2025-03-07T09:23:34.684005" level="INFO">Opening url 'https://rahulshettyacademy.com/loginpagePractise/'</msg>
<arg>https://rahulshettyacademy.com/loginpagePractise/</arg>
<doc>Navigates the current browser window to the provided ``url``.</doc>
<status status="PASS" start="2025-03-07T09:23:34.683645" elapsed="0.282815"/>
</kw>
<status status="PASS" start="2025-03-07T09:23:33.703412" elapsed="1.263404"/>
</kw>
<kw name="Fill the login Form">
<kw name="Input Text" owner="SeleniumLibrary">
<msg time="2025-03-07T09:23:34.967947" level="INFO">Typing text '@#$' into text field 'id:username'.</msg>
<arg>id:username</arg>
<arg>${username}</arg>
<doc>Types the given ``text`` into the text field identified by ``locator``.</doc>
<status status="PASS" start="2025-03-07T09:23:34.967605" elapsed="0.145209"/>
</kw>
<kw name="Input Password" owner="SeleniumLibrary">
<msg time="2025-03-07T09:23:35.113800" level="INFO">Typing password into text field 'id:password'.</msg>
<msg time="2025-03-07T09:23:35.136355" level="INFO">Temporally setting log level to: NONE</msg>
<arg>id:password</arg>
<arg>${password}</arg>
<doc>Types the given password into the text field identified by ``locator``.</doc>
<status status="PASS" start="2025-03-07T09:23:35.113172" elapsed="0.055767"/>
</kw>
<kw name="Click Button" owner="SeleniumLibrary">
<msg time="2025-03-07T09:23:35.169401" level="INFO">Clicking button 'id:signInBtn'.</msg>
<arg>id:signInBtn</arg>
<doc>Clicks the button identified by ``locator``.</doc>
<status status="PASS" start="2025-03-07T09:23:35.169173" elapsed="0.056434"/>
</kw>
<arg>${username}</arg>
<arg>${password}</arg>
<status status="PASS" start="2025-03-07T09:23:34.967142" elapsed="0.258553"/>
</kw>
<kw name="wait until it checks and display error message">
<kw name="Wait Until Element Is Visible" owner="SeleniumLibrary">
<arg>${Error_Message_Login}</arg>
<doc>Waits until the element ``locator`` is visible.</doc>
<status status="PASS" start="2025-03-07T09:23:35.226122" elapsed="2.159873"/>
</kw>
<status status="PASS" start="2025-03-07T09:23:35.225831" elapsed="2.160244"/>
</kw>
<kw name="verify error message is correct">
<kw name="Get Text" owner="SeleniumLibrary">
<msg time="2025-03-07T09:23:37.396666" level="INFO">${result} = Incorrect username/password.</msg>
<var>${result}</var>
<arg>${Error_Message_Login}</arg>
<doc>Returns the text value of the element identified by ``locator``.</doc>
<status status="PASS" start="2025-03-07T09:23:37.386416" elapsed="0.010281"/>
</kw>
<kw name="Should Be Equal As Strings" owner="BuiltIn">
<arg>${result}</arg>
<arg>Incorrect username/password.</arg>
<doc>Fails if objects are unequal after converting them to strings.</doc>
<status status="PASS" start="2025-03-07T09:23:37.396840" elapsed="0.000234"/>
</kw>
<status status="PASS" start="2025-03-07T09:23:37.386180" elapsed="0.010967"/>
</kw>
<arg>username=@#$</arg>
<arg>password=learning</arg>
<status status="PASS" start="2025-03-07T09:23:33.703248" elapsed="3.693934"/>
</kw>
<kw name="Close Browser" owner="SeleniumLibrary" type="TEARDOWN">
<doc>Closes the current browser.</doc>
<status status="PASS" start="2025-03-07T09:23:37.397395" elapsed="0.074760"/>
</kw>
<status status="PASS" start="2025-03-07T09:23:33.702681" elapsed="3.769553"/>
</test>
<doc>To validate the login form</doc>
<status status="PASS" start="2025-03-07T09:23:18.029432" elapsed="19.443179"/>
</suite>
<suite id="s1-s6" name="testDemo6" source="/Users/binayakkhanal/PycharmProjects/pythonProject1/tests/testDemo6.robot">
<test id="s1-s6-t1" name="Validate UnSuccessful Login" line="26">
<kw name="Open the browser with the Mortgage payment url" owner="Generic" type="SETUP">
<kw name="Create Webdriver" owner="SeleniumLibrary">
<msg time="2025-03-07T09:23:18.102907" level="INFO">Creating an instance of the Chrome WebDriver.</msg>
<arg>Chrome</arg>
<doc>Creates an instance of Selenium WebDriver.</doc>
<status status="PASS" start="2025-03-07T09:23:18.102815" elapsed="5.560606"/>
</kw>
<kw name="Go To" owner="SeleniumLibrary">
<msg time="2025-03-07T09:23:23.709621" level="INFO">Opening url 'https://rahulshettyacademy.com/loginpagePractise/'</msg>
<arg>${url}</arg>
<doc>Navigates the current browser window to the provided ``url``.</doc>
<status status="PASS" start="2025-03-07T09:23:23.670110" elapsed="1.951970"/>
</kw>
<status status="PASS" start="2025-03-07T09:23:18.102416" elapsed="7.521816"/>
</kw>
<kw name="Fill the login Form" owner="LandingPage">
<kw name="Input Text" owner="SeleniumLibrary">
<msg time="2025-03-07T09:23:25.652889" level="INFO">Typing text 'rahulshettyacademy' into text field 'id:username'.</msg>
<arg>id:username</arg>
<arg>${username}</arg>
<doc>Types the given ``text`` into the text field identified by ``locator``.</doc>
<status status="PASS" start="2025-03-07T09:23:25.628150" elapsed="0.994617"/>
</kw>
<kw name="Input Password" owner="SeleniumLibrary">
<msg time="2025-03-07T09:23:26.623306" level="INFO">Typing password into text field 'id:password'.</msg>
<msg time="2025-03-07T09:23:26.655231" level="INFO">Temporally setting log level to: NONE</msg>
<arg>id:password</arg>
<arg>${password}</arg>
<doc>Types the given password into the text field identified by ``locator``.</doc>
<status status="PASS" start="2025-03-07T09:23:26.622973" elapsed="0.094920"/>
</kw>
<kw name="Click Button" owner="SeleniumLibrary">
<msg time="2025-03-07T09:23:26.718508" level="INFO">Clicking button 'id:signInBtn'.</msg>
<arg>id:signInBtn</arg>
<doc>Clicks the button identified by ``locator``.</doc>
<status status="PASS" start="2025-03-07T09:23:26.718135" elapsed="0.087993"/>
</kw>
<arg>${user_name}</arg>
<arg>${invalid_password}</arg>
<status status="PASS" start="2025-03-07T09:23:25.626077" elapsed="1.180726"/>
</kw>
<kw name="wait until Element is located in the page" owner="LandingPage">
<kw name="Wait Until Element Is Visible" owner="SeleniumLibrary">
<arg>${Error_Message_Login}</arg>
<doc>Waits until the element ``locator`` is visible.</doc>
<status status="PASS" start="2025-03-07T09:23:26.808106" elapsed="2.158269"/>
</kw>
<status status="PASS" start="2025-03-07T09:23:26.807630" elapsed="2.159184"/>
</kw>
<kw name="verify error message is correct" owner="LandingPage">
<kw name="Get Text" owner="SeleniumLibrary">
<msg time="2025-03-07T09:23:29.005544" level="INFO">${result} = Incorrect username/password.</msg>
<var>${result}</var>
<arg>${Error_Message_Login}</arg>
<doc>Returns the text value of the element identified by ``locator``.</doc>
<status status="PASS" start="2025-03-07T09:23:28.967851" elapsed="0.037736"/>
</kw>
<kw name="Should Be Equal As Strings" owner="BuiltIn">
<arg>${result}</arg>
<arg>Incorrect username/password.</arg>
<doc>Fails if objects are unequal after converting them to strings.</doc>
<status status="PASS" start="2025-03-07T09:23:29.005795" elapsed="0.000421"/>
</kw>
<status status="PASS" start="2025-03-07T09:23:28.967338" elapsed="0.038934"/>
</kw>
<kw name="Close Window" owner="SeleniumLibrary" type="TEARDOWN">
<doc>Closes currently opened and selected browser window/tab.</doc>
<status status="PASS" start="2025-03-07T09:23:29.006417" elapsed="0.132111"/>
</kw>
<status status="PASS" start="2025-03-07T09:23:18.102038" elapsed="11.036590"/>
</test>
<test id="s1-s6-t2" name="Validate Cards display in the Shopping Page" line="32">
<kw name="Open the browser with the Mortgage payment url" owner="Generic" type="SETUP">
<kw name="Create Webdriver" owner="SeleniumLibrary">
<msg time="2025-03-07T09:23:29.139568" level="INFO">Creating an instance of the Chrome WebDriver.</msg>
<arg>Chrome</arg>
<doc>Creates an instance of Selenium WebDriver.</doc>
<status status="PASS" start="2025-03-07T09:23:29.139469" elapsed="1.262505"/>
</kw>
<kw name="Go To" owner="SeleniumLibrary">
<msg time="2025-03-07T09:23:30.403097" level="INFO">Opening url 'https://rahulshettyacademy.com/loginpagePractise/'</msg>
<arg>${url}</arg>
<doc>Navigates the current browser window to the provided ``url``.</doc>
<status status="PASS" start="2025-03-07T09:23:30.402563" elapsed="0.426547"/>
</kw>
<status status="PASS" start="2025-03-07T09:23:29.139290" elapsed="1.690173"/>
</kw>
<kw name="Fill the login Form" owner="LandingPage">
<kw name="Input Text" owner="SeleniumLibrary">
<msg time="2025-03-07T09:23:30.866664" level="INFO">Typing text 'rahulshettyacademy' into text field 'id:username'.</msg>
<arg>id:username</arg>
<arg>${username}</arg>
<doc>Types the given ``text`` into the text field identified by ``locator``.</doc>
<status status="PASS" start="2025-03-07T09:23:30.864041" elapsed="0.425729"/>
</kw>
<kw name="Input Password" owner="SeleniumLibrary">
<msg time="2025-03-07T09:23:31.290236" level="INFO">Typing password into text field 'id:password'.</msg>
<msg time="2025-03-07T09:23:31.317421" level="INFO">Temporally setting log level to: NONE</msg>
<arg>id:password</arg>
<arg>${password}</arg>
<doc>Types the given password into the text field identified by ``locator``.</doc>
<status status="PASS" start="2025-03-07T09:23:31.289998" elapsed="0.077314"/>
</kw>
<kw name="Click Button" owner="SeleniumLibrary">
<msg time="2025-03-07T09:23:31.368008" level="INFO">Clicking button 'id:signInBtn'.</msg>
<arg>id:signInBtn</arg>
<doc>Clicks the button identified by ``locator``.</doc>
<status status="PASS" start="2025-03-07T09:23:31.367678" elapsed="0.073790"/>
</kw>
<arg>${user_name}</arg>
<arg>${valid_password}</arg>
<status status="PASS" start="2025-03-07T09:23:30.860126" elapsed="0.581549"/>
</kw>
<kw name="wait until Element is located in the page" owner="ShopPage">
<kw name="Wait Until Element Is Visible" owner="SeleniumLibrary">
<arg>${Shop_Page_Load}</arg>
<doc>Waits until the element ``locator`` is visible.</doc>
<status status="PASS" start="2025-03-07T09:23:31.442202" elapsed="3.776071"/>
</kw>
<status status="PASS" start="2025-03-07T09:23:31.441908" elapsed="3.776612"/>
</kw>
<kw name="Verify Card titles in the Shop page" owner="ShopPage">
<kw name="Create List" owner="BuiltIn">
<msg time="2025-03-07T09:23:35.220751" level="INFO">@{expectedList} = [ iphone X | Samsung Note 8 | Nokia Edge | Blackberry ]</msg>
<var>@{expectedList}</var>
<arg>iphone X</arg>
<arg>Samsung Note 8</arg>
<arg>Nokia Edge</arg>
<arg>Blackberry</arg>
<doc>Returns a list containing given items.</doc>
<status status="PASS" start="2025-03-07T09:23:35.220247" elapsed="0.000530"/>
</kw>
<kw name="Get WebElements" owner="SeleniumLibrary">
<msg time="2025-03-07T09:23:35.227805" level="INFO">${elements} = [&lt;selenium.webdriver.remote.webelement.WebElement (session="e54ed11a03ba2f42b33cdd99bf0483cd", element="f.8FA765BB83D4005E8D4561E417EA8114.d.E168EC3CBE2C71D3F12E25EF54112794.e.54")&gt;, &lt;selenium.webdriv...</msg>
<var>${elements}</var>
<arg>css:.card-title</arg>
<doc>Returns a list of WebElement objects matching the ``locator``.</doc>
<status status="PASS" start="2025-03-07T09:23:35.220886" elapsed="0.006950"/>
</kw>
<kw name="Create List" owner="BuiltIn">
<msg time="2025-03-07T09:23:35.228209" level="INFO">@{actualList} = [ ]</msg>
<var>@{actualList}</var>
<doc>Returns a list containing given items.</doc>
<status status="PASS" start="2025-03-07T09:23:35.228058" elapsed="0.000168"/>
</kw>
<for flavor="IN">
<iter>
<kw name="Log" owner="BuiltIn">
<msg time="2025-03-07T09:23:35.248334" level="INFO">iphone X</msg>
<arg>${element.text}</arg>
<doc>Logs the given message with the given level.</doc>
<status status="PASS" start="2025-03-07T09:23:35.229181" elapsed="0.019493"/>
</kw>
<kw name="Append To List" owner="Collections">
<arg>${actualList}</arg>
<arg>${element.text}</arg>
<doc>Adds ``values`` to the end of ``list``.</doc>
<status status="PASS" start="2025-03-07T09:23:35.249537" elapsed="0.006727"/>
</kw>
<var name="${element}">&lt;selenium.webdriver.remote.webelement.WebElement (session="e54ed11a03ba2f42b33cdd99bf0483cd", element="f.8FA765BB83D4005E8D4561E417EA8114.d.E168EC3CBE2C71D3F12E25EF54112794.e.54")&gt;</var>
<status status="PASS" start="2025-03-07T09:23:35.228646" elapsed="0.027687"/>
</iter>
<iter>
<kw name="Log" owner="BuiltIn">
<msg time="2025-03-07T09:23:35.265215" level="INFO">Samsung Note 8</msg>
<arg>${element.text}</arg>
<doc>Logs the given message with the given level.</doc>
<status status="PASS" start="2025-03-07T09:23:35.256682" elapsed="0.008597"/>
</kw>
<kw name="Append To List" owner="Collections">
<arg>${actualList}</arg>
<arg>${element.text}</arg>
<doc>Adds ``values`` to the end of ``list``.</doc>
<status status="PASS" start="2025-03-07T09:23:35.265714" elapsed="0.005938"/>
</kw>
<var name="${element}">&lt;selenium.webdriver.remote.webelement.WebElement (session="e54ed11a03ba2f42b33cdd99bf0483cd", element="f.8FA765BB83D4005E8D4561E417EA8114.d.E168EC3CBE2C71D3F12E25EF54112794.e.55")&gt;</var>
<status status="PASS" start="2025-03-07T09:23:35.256528" elapsed="0.015185"/>
</iter>
<iter>
<kw name="Log" owner="BuiltIn">
<msg time="2025-03-07T09:23:35.277185" level="INFO">Nokia Edge</msg>
<arg>${element.text}</arg>
<doc>Logs the given message with the given level.</doc>
<status status="PASS" start="2025-03-07T09:23:35.271917" elapsed="0.005326"/>
</kw>
<kw name="Append To List" owner="Collections">
<arg>${actualList}</arg>
<arg>${element.text}</arg>
<doc>Adds ``values`` to the end of ``list``.</doc>
<status status="PASS" start="2025-03-07T09:23:35.277399" elapsed="0.005761"/>
</kw>
<var name="${element}">&lt;selenium.webdriver.remote.webelement.WebElement (session="e54ed11a03ba2f42b33cdd99bf0483cd", element="f.8FA765BB83D4005E8D4561E417EA8114.d.E168EC3CBE2C71D3F12E25EF54112794.e.56")&gt;</var>
<status status="PASS" start="2025-03-07T09:23:35.271813" elapsed="0.011416"/>
</iter>
<iter>
<kw name="Log" owner="BuiltIn">
<msg time="2025-03-07T09:23:35.287389" level="INFO">Blackberry</msg>
<arg>${element.text}</arg>
<doc>Logs the given message with the given level.</doc>
<status status="PASS" start="2025-03-07T09:23:35.283450" elapsed="0.003995"/>
</kw>
<kw name="Append To List" owner="Collections">
<arg>${actualList}</arg>
<arg>${element.text}</arg>
<doc>Adds ``values`` to the end of ``list``.</doc>
<status status="PASS" start="2025-03-07T09:23:35.287554" elapsed="0.004103"/>
</kw>
<var name="${element}">&lt;selenium.webdriver.remote.webelement.WebElement (session="e54ed11a03ba2f42b33cdd99bf0483cd", element="f.8FA765BB83D4005E8D4561E417EA8114.d.E168EC3CBE2C71D3F12E25EF54112794.e.57")&gt;</var>
<status status="PASS" start="2025-03-07T09:23:35.283328" elapsed="0.008384"/>
</iter>
<var>${element}</var>
<value>@{elements}</value>
<status status="PASS" start="2025-03-07T09:23:35.228302" elapsed="0.063506"/>
</for>
<kw name="Lists Should Be Equal" owner="Collections">
<arg>${expectedList}</arg>
<arg>${actualList}</arg>
<doc>Fails if given lists are unequal.</doc>
<status status="PASS" start="2025-03-07T09:23:35.291944" elapsed="0.000157"/>
</kw>
<status status="PASS" start="2025-03-07T09:23:35.219141" elapsed="0.073008"/>
</kw>
<kw name="Add Items To Cart And Checkout" owner="Shop">
<msg time="2025-03-07T09:23:35.307208" level="INFO">Clicking button 'xpath:(//*[@class='card-footer'])[3]/button'.</msg>
<msg time="2025-03-07T09:23:35.358256" level="INFO">Clicking button 'xpath:(//*[@class='card-footer'])[4]/button'.</msg>
<msg time="2025-03-07T09:23:35.400108" level="INFO">Clicking link 'css:li.active a'.</msg>
<arg>${listofProducts}</arg>
<status status="PASS" start="2025-03-07T09:23:35.292272" elapsed="0.157445"/>
</kw>
<kw name="Verify items in the Checkout Page and proceed" owner="CheckoutPage">
<kw name="Click Element" owner="SeleniumLibrary">
<msg time="2025-03-07T09:23:35.450939" level="INFO">Clicking element 'css:.btn-success'.</msg>
<arg>css:.btn-success</arg>
<doc>Click the element identified by ``locator``.</doc>
<status status="PASS" start="2025-03-07T09:23:35.450579" elapsed="0.041152"/>
</kw>
<status status="PASS" start="2025-03-07T09:23:35.450128" elapsed="0.041679"/>
</kw>
<kw name="Enter the Country and select the terms" owner="ConfirmationPage">
<kw name="Input Text" owner="SeleniumLibrary">
<msg time="2025-03-07T09:23:35.492468" level="INFO">Typing text 'India' into text field 'css:#country'.</msg>
<arg>css:#country</arg>
<arg>${country_name}</arg>
<doc>Types the given ``text`` into the text field identified by ``locator``.</doc>
<status status="PASS" start="2025-03-07T09:23:35.492332" elapsed="0.071454"/>
</kw>
<kw name="Sleep" owner="BuiltIn">
<msg time="2025-03-07T09:23:38.565084" level="INFO">Slept 3 seconds.</msg>
<arg>3</arg>
<doc>Pauses the test executed for the given time.</doc>
<status status="PASS" start="2025-03-07T09:23:35.563988" elapsed="3.001169"/>
</kw>
<kw name="Wait Until Element Is Visible" owner="SeleniumLibrary">
<arg>//a[text()='${country_name}']</arg>
<doc>Waits until the element ``locator`` is visible.</doc>
<status status="PASS" start="2025-03-07T09:23:38.565278" elapsed="2.131335"/>
</kw>
<kw name="Click Element" owner="SeleniumLibrary">
<msg time="2025-03-07T09:23:40.697071" level="INFO">Clicking element '//a[text()='India']'.</msg>
<arg>//a[text()='${country_name}']</arg>
<doc>Click the element identified by ``locator``.</doc>
<status status="PASS" start="2025-03-07T09:23:40.696798" elapsed="0.033828"/>
</kw>
<kw name="Click Element" owner="SeleniumLibrary">
<msg time="2025-03-07T09:23:40.730912" level="INFO">Clicking element 'css:.checkbox label'.</msg>
<arg>css:.checkbox label</arg>
<doc>Click the element identified by ``locator``.</doc>
<status status="PASS" start="2025-03-07T09:23:40.730770" elapsed="0.032164"/>
</kw>
<arg>${country_name}</arg>
<status status="PASS" start="2025-03-07T09:23:35.491975" elapsed="5.271047"/>
</kw>
<kw name="Purchase the Product and Confirm the Purchase" owner="ConfirmationPage">
<kw name="Click Button" owner="SeleniumLibrary">
<msg time="2025-03-07T09:23:40.763437" level="INFO">Clicking button 'css:.btn-success'.</msg>
<arg>css:.btn-success</arg>
<doc>Clicks the button identified by ``locator``.</doc>
<status status="PASS" start="2025-03-07T09:23:40.763335" elapsed="0.030217"/>
</kw>
<kw name="Page Should Contain" owner="SeleniumLibrary">
<msg time="2025-03-07T09:23:40.802757" level="INFO">Current page contains text 'Success!'.</msg>
<arg>Success!</arg>
<doc>Verifies that current page contains ``text``.</doc>
<status status="PASS" start="2025-03-07T09:23:40.793678" elapsed="0.009143"/>
</kw>
<status status="PASS" start="2025-03-07T09:23:40.763157" elapsed="0.039728"/>
</kw>
<kw name="Close Window" owner="SeleniumLibrary" type="TEARDOWN">
<doc>Closes currently opened and selected browser window/tab.</doc>
<status status="PASS" start="2025-03-07T09:23:40.803022" elapsed="0.066268"/>
</kw>
<status status="PASS" start="2025-03-07T09:23:29.138986" elapsed="11.730379"/>
</test>
<test id="s1-s6-t3" name="Select the Form and navigate to Child window" line="43">
<kw name="Open the browser with the Mortgage payment url" owner="Generic" type="SETUP">
<kw name="Create Webdriver" owner="SeleniumLibrary">
<msg time="2025-03-07T09:23:40.870663" level="INFO">Creating an instance of the Chrome WebDriver.</msg>
<arg>Chrome</arg>
<doc>Creates an instance of Selenium WebDriver.</doc>
<status status="PASS" start="2025-03-07T09:23:40.870568" elapsed="0.642593"/>
</kw>
<kw name="Go To" owner="SeleniumLibrary">
<msg time="2025-03-07T09:23:41.514260" level="INFO">Opening url 'https://rahulshettyacademy.com/loginpagePractise/'</msg>
<arg>${url}</arg>
<doc>Navigates the current browser window to the provided ``url``.</doc>
<status status="PASS" start="2025-03-07T09:23:41.513764" elapsed="0.273399"/>
</kw>
<status status="PASS" start="2025-03-07T09:23:40.870381" elapsed="0.916935"/>
</kw>
<kw name="Fill the Login Details and select the User option" owner="LandingPage">
<kw name="Input Text" owner="SeleniumLibrary">
<msg time="2025-03-07T09:23:41.789531" level="INFO">Typing text 'rahulshettyacademy' into text field 'id:username'.</msg>
<arg>id:username</arg>
<arg>rahulshettyacademy</arg>
<doc>Types the given ``text`` into the text field identified by ``locator``.</doc>
<status status="PASS" start="2025-03-07T09:23:41.789381" elapsed="0.094036"/>
</kw>
<kw name="Input Password" owner="SeleniumLibrary">
<msg time="2025-03-07T09:23:41.883715" level="INFO">Typing password into text field 'id:password'.</msg>
<msg time="2025-03-07T09:23:41.900105" level="INFO">Temporally setting log level to: NONE</msg>
<arg>id:password</arg>
<arg>learning</arg>
<doc>Types the given password into the text field identified by ``locator``.</doc>
<status status="PASS" start="2025-03-07T09:23:41.883559" elapsed="0.037300"/>
</kw>
<kw name="Click Element" owner="SeleniumLibrary">
<msg time="2025-03-07T09:23:41.921152" level="INFO">Clicking element 'css:input[value='user']'.</msg>
<arg>css:input[value='user']</arg>
<doc>Click the element identified by ``locator``.</doc>
<status status="PASS" start="2025-03-07T09:23:41.921001" elapsed="0.036181"/>
</kw>
<kw name="Wait Until Element Is Visible" owner="SeleniumLibrary">
<arg>css:.modal-body</arg>
<doc>Waits until the element ``locator`` is visible.</doc>
<status status="PASS" start="2025-03-07T09:23:41.957304" elapsed="0.220514"/>
</kw>
<kw name="Double Click Element" owner="SeleniumLibrary">
<msg time="2025-03-07T09:23:42.178095" level="INFO">Double clicking element 'id:okayBtn'.</msg>
<arg>id:okayBtn</arg>
<doc>Double clicks the element identified by ``locator``.</doc>
<status status="PASS" start="2025-03-07T09:23:42.177957" elapsed="0.277105"/>
</kw>
<kw name="Click Button" owner="SeleniumLibrary">
<msg time="2025-03-07T09:23:42.455480" level="INFO">Clicking button 'id:okayBtn'.</msg>
<arg>id:okayBtn</arg>
<doc>Clicks the button identified by ``locator``.</doc>
<status status="PASS" start="2025-03-07T09:23:42.455258" elapsed="0.042233"/>
</kw>
<kw name="Wait Until Element Is Not Visible" owner="SeleniumLibrary">
<arg>css:.modal-body</arg>
<doc>Waits until the element ``locator`` is not visible.</doc>
<status status="PASS" start="2025-03-07T09:23:42.497615" elapsed="0.218605"/>
</kw>
<kw name="Select From List By Value" owner="SeleniumLibrary">
<msg time="2025-03-07T09:23:42.716524" level="INFO">Selecting options from selection list 'css:select.form-control' by value teach.</msg>
<arg>css:select.form-control</arg>
<arg>teach</arg>
<doc>Selects options from selection list ``locator`` by ``values``.</doc>
<status status="PASS" start="2025-03-07T09:23:42.716355" elapsed="0.033399"/>
</kw>
<kw name="Select Checkbox" owner="SeleniumLibrary">
<msg time="2025-03-07T09:23:42.749990" level="INFO">Selecting checkbox 'id:terms'.</msg>
<arg>id:terms</arg>
<doc>Selects the checkbox identified by ``locator``.</doc>
<status status="PASS" start="2025-03-07T09:23:42.749874" elapsed="0.092615"/>
</kw>
<kw name="Checkbox Should Be Selected" owner="SeleniumLibrary">
<msg time="2025-03-07T09:23:42.842757" level="INFO">Verifying checkbox 'id:terms' is selected.</msg>
<arg>id:terms</arg>
<doc>Verifies checkbox ``locator`` is selected/checked.</doc>
<status status="PASS" start="2025-03-07T09:23:42.842613" elapsed="0.011213"/>
</kw>
<status status="PASS" start="2025-03-07T09:23:41.789137" elapsed="1.064762"/>
</kw>
<kw name="Close Window" owner="SeleniumLibrary" type="TEARDOWN">
<doc>Closes currently opened and selected browser window/tab.</doc>
<status status="PASS" start="2025-03-07T09:23:42.854032" elapsed="0.066964"/>
</kw>
<status status="PASS" start="2025-03-07T09:23:40.870073" elapsed="2.050998"/>
</test>
<doc>To validate the login form</doc>
<status status="PASS" start="2025-03-07T09:23:18.003210" elapsed="24.918383"/>
</suite>
<doc>[https://pabot.org/?ref=log|Pabot] result from 6 executions.</doc>
<status status="FAIL" start="2025-03-07T09:23:17.990000" elapsed="24.931000"/>
</suite>
<statistics>
<total>
<stat pass="13" fail="1" skip="0">All Tests</stat>
</total>
<tag>
</tag>
<suite>
<stat pass="13" fail="1" skip="0" id="s1" name="Tests">Tests</stat>
<stat pass="1" fail="0" skip="0" id="s1-s1" name="testDemo1">Tests.testDemo1</stat>
<stat pass="3" fail="0" skip="0" id="s1-s2" name="testDemo2">Tests.testDemo2</stat>
<stat pass="1" fail="0" skip="0" id="s1-s3" name="testDemo3">Tests.testDemo3</stat>
<stat pass="2" fail="1" skip="0" id="s1-s4" name="testDemo4">Tests.testDemo4</stat>
<stat pass="3" fail="0" skip="0" id="s1-s5" name="testDemo5">Tests.testDemo5</stat>
<stat pass="3" fail="0" skip="0" id="s1-s6" name="testDemo6">Tests.testDemo6</stat>
</suite>
</statistics>
<errors>
</errors>
</robot>
