<?xml version="1.0" encoding="UTF-8"?>
<robot generator="Robot 7.1.1 (Python 3.12.8 on darwin)" generated="2025-03-07T09:23:17.989838" rpa="false" schemaversion="5">
<suite id="s1" name="Tests" source="/Users/binayakkhanal/PycharmProjects/pythonProject1/tests">
<suite id="s1-s1" name="testDemo4" source="/Users/binayakkhanal/PycharmProjects/pythonProject1/tests/testDemo4.robot">
<test id="s1-s1-t1" name="Invalid username" line="12">
<kw name="Validate Unsuccessful Login">
<kw name="open the browser with the Mortgage payment url">
<kw name="Create Webdriver" owner="SeleniumLibrary">
<msg time="2025-03-07T09:23:18.091874" level="INFO">Creating an instance of the Chrome WebDriver.</msg>
<arg>Chrome</arg>
<doc>Creates an instance of Selenium WebDriver.</doc>
<status status="PASS" start="2025-03-07T09:23:18.091616" elapsed="5.756879"/>
</kw>
<kw name="Go To" owner="SeleniumLibrary">
<msg time="2025-03-07T09:23:23.859528" level="INFO">Opening url 'https://rahulshettyacademy.com/loginpagePractise/'</msg>
<arg>https://rahulshettyacademy.com/loginpagePractise/</arg>
<doc>Navigates the current browser window to the provided ``url``.</doc>
<status status="PASS" start="2025-03-07T09:23:23.859291" elapsed="1.953961"/>
</kw>
<status status="PASS" start="2025-03-07T09:23:18.090575" elapsed="7.723314"/>
</kw>
<kw name="Fill the login Form">
<kw name="Input Text" owner="SeleniumLibrary">
<msg time="2025-03-07T09:23:25.815306" level="INFO">Typing text 'dsahed' into text field 'id:username'.</msg>
<arg>id:username</arg>
<arg>${username}</arg>
<doc>Types the given ``text`` into the text field identified by ``locator``.</doc>
<status status="PASS" start="2025-03-07T09:23:25.814856" elapsed="0.785096"/>
</kw>
<kw name="Input Password" owner="SeleniumLibrary">
<msg time="2025-03-07T09:23:26.601340" level="INFO">Typing password into text field 'id:password'.</msg>
<msg time="2025-03-07T09:23:26.644940" level="INFO">Temporally setting log level to: NONE</msg>
<arg>id:password</arg>
<arg>${password}</arg>
<doc>Types the given password into the text field identified by ``locator``.</doc>
<status status="PASS" start="2025-03-07T09:23:26.600704" elapsed="0.090490"/>
</kw>
<kw name="Click Button" owner="SeleniumLibrary">
<msg time="2025-03-07T09:23:26.691873" level="INFO">Clicking button 'id:signInBtn'.</msg>
<arg>id:signInBtn</arg>
<doc>Clicks the button identified by ``locator``.</doc>
<status status="PASS" start="2025-03-07T09:23:26.691410" elapsed="0.092633"/>
</kw>
<arg>${username}</arg>
<arg>${password}</arg>
<status status="PASS" start="2025-03-07T09:23:25.814334" elapsed="0.970052"/>
</kw>
<kw name="wait until it checks and display error message">
<kw name="Wait Until Element Is Visible" owner="SeleniumLibrary">
<arg>${Error_Message_Login}</arg>
<doc>Waits until the element ``locator`` is visible.</doc>
<status status="PASS" start="2025-03-07T09:23:26.785089" elapsed="2.178685"/>
</kw>
<status status="PASS" start="2025-03-07T09:23:26.784697" elapsed="2.179536"/>
</kw>
<kw name="verify error message is correct">
<kw name="Get Text" owner="SeleniumLibrary">
<msg time="2025-03-07T09:23:28.992218" level="INFO">${result} = Incorrect username/password.</msg>
<var>${result}</var>
<arg>${Error_Message_Login}</arg>
<doc>Returns the text value of the element identified by ``locator``.</doc>
<status status="PASS" start="2025-03-07T09:23:28.965188" elapsed="0.027075"/>
</kw>
<kw name="Should Be Equal As Strings" owner="BuiltIn">
<arg>${result}</arg>
<arg>Incorrect username/password.</arg>
<doc>Fails if objects are unequal after converting them to strings.</doc>
<status status="PASS" start="2025-03-07T09:23:28.992441" elapsed="0.000343"/>
</kw>
<status status="PASS" start="2025-03-07T09:23:28.964722" elapsed="0.028128"/>
</kw>
<arg>dsahed</arg>
<arg>learning</arg>
<status status="PASS" start="2025-03-07T09:23:18.089752" elapsed="10.903196"/>
</kw>
<kw name="Close Browser" owner="SeleniumLibrary" type="TEARDOWN">
<doc>Closes the current browser.</doc>
<status status="PASS" start="2025-03-07T09:23:28.993233" elapsed="0.127838"/>
</kw>
<status status="PASS" start="2025-03-07T09:23:18.088615" elapsed="11.032529"/>
</test>
<test id="s1-s1-t2" name="Invalid password" line="13">
<kw name="Validate Unsuccessful Login">
<kw name="open the browser with the Mortgage payment url">
<kw name="Create Webdriver" owner="SeleniumLibrary">
<msg time="2025-03-07T09:23:29.122100" level="INFO">Creating an instance of the Chrome WebDriver.</msg>
<arg>Chrome</arg>
<doc>Creates an instance of Selenium WebDriver.</doc>
<status status="PASS" start="2025-03-07T09:23:29.122004" elapsed="1.280953"/>
</kw>
<kw name="Go To" owner="SeleniumLibrary">
<msg time="2025-03-07T09:23:30.407321" level="INFO">Opening url 'https://rahulshettyacademy.com/loginpagePractise/'</msg>
<arg>https://rahulshettyacademy.com/loginpagePractise/</arg>
<doc>Navigates the current browser window to the provided ``url``.</doc>
<status status="PASS" start="2025-03-07T09:23:30.404593" elapsed="0.567349"/>
</kw>
<status status="PASS" start="2025-03-07T09:23:29.121885" elapsed="1.850309"/>
</kw>
<kw name="Fill the login Form">
<kw name="Input Text" owner="SeleniumLibrary">
<msg time="2025-03-07T09:23:30.992610" level="INFO">Typing text 'rahulshetty' into text field 'id:username'.</msg>
<arg>id:username</arg>
<arg>${username}</arg>
<doc>Types the given ``text`` into the text field identified by ``locator``.</doc>
<status status="PASS" start="2025-03-07T09:23:30.991598" elapsed="0.291658"/>
</kw>
<kw name="Input Password" owner="SeleniumLibrary">
<msg time="2025-03-07T09:23:31.283918" level="INFO">Typing password into text field 'id:password'.</msg>
<msg time="2025-03-07T09:23:31.316919" level="INFO">Temporally setting log level to: NONE</msg>
<arg>id:password</arg>
<arg>${password}</arg>
<doc>Types the given password into the text field identified by ``locator``.</doc>
<status status="PASS" start="2025-03-07T09:23:31.283545" elapsed="0.081221"/>
</kw>
<kw name="Click Button" owner="SeleniumLibrary">
<msg time="2025-03-07T09:23:31.365474" level="INFO">Clicking button 'id:signInBtn'.</msg>
<arg>id:signInBtn</arg>
<doc>Clicks the button identified by ``locator``.</doc>
<status status="PASS" start="2025-03-07T09:23:31.365051" elapsed="0.087101"/>
</kw>
<arg>${username}</arg>
<arg>${password}</arg>
<status status="PASS" start="2025-03-07T09:23:30.975486" elapsed="0.476968"/>
</kw>
<kw name="wait until it checks and display error message">
<kw name="Wait Until Element Is Visible" owner="SeleniumLibrary">
<arg>${Error_Message_Login}</arg>
<doc>Waits until the element ``locator`` is visible.</doc>
<status status="PASS" start="2025-03-07T09:23:31.453274" elapsed="2.138736"/>
</kw>
<status status="PASS" start="2025-03-07T09:23:31.452840" elapsed="2.139284"/>
</kw>
<kw name="verify error message is correct">
<kw name="Get Text" owner="SeleniumLibrary">
<msg time="2025-03-07T09:23:33.603309" level="INFO">${result} = Incorrect username/password.</msg>
<var>${result}</var>
<arg>${Error_Message_Login}</arg>
<doc>Returns the text value of the element identified by ``locator``.</doc>
<status status="PASS" start="2025-03-07T09:23:33.592466" elapsed="0.010878"/>
</kw>
<kw name="Should Be Equal As Strings" owner="BuiltIn">
<arg>${result}</arg>
<arg>Incorrect username/password.</arg>
<doc>Fails if objects are unequal after converting them to strings.</doc>
<status status="PASS" start="2025-03-07T09:23:33.603460" elapsed="0.000169"/>
</kw>
<status status="PASS" start="2025-03-07T09:23:33.592239" elapsed="0.011436"/>
</kw>
<arg>rahulshetty</arg>
<arg>ploudfg</arg>
<status status="PASS" start="2025-03-07T09:23:29.121700" elapsed="4.482006"/>
</kw>
<kw name="Close Browser" owner="SeleniumLibrary" type="TEARDOWN">
<doc>Closes the current browser.</doc>
<status status="PASS" start="2025-03-07T09:23:33.603974" elapsed="0.074930"/>
</kw>
<status status="PASS" start="2025-03-07T09:23:29.121402" elapsed="4.557614"/>
</test>
<test id="s1-s1-t3" name="special characters" line="14">
<kw name="Validate Unsuccessful Login">
<kw name="open the browser with the Mortgage payment url">
<kw name="Create Webdriver" owner="SeleniumLibrary">
<msg time="2025-03-07T09:23:33.680028" level="INFO">Creating an instance of the Chrome WebDriver.</msg>
<arg>Chrome</arg>
<doc>Creates an instance of Selenium WebDriver.</doc>
<status status="PASS" start="2025-03-07T09:23:33.679948" elapsed="0.996017"/>
</kw>
<kw name="Go To" owner="SeleniumLibrary">
<msg time="2025-03-07T09:23:34.676757" level="INFO">Opening url 'https://rahulshettyacademy.com/loginpagePractise/'</msg>
<arg>https://rahulshettyacademy.com/loginpagePractise/</arg>
<doc>Navigates the current browser window to the provided ``url``.</doc>
<status status="PASS" start="2025-03-07T09:23:34.676527" elapsed="0.187305"/>
</kw>
<status status="PASS" start="2025-03-07T09:23:33.679822" elapsed="1.184162"/>
</kw>
<kw name="Fill the login Form">
<kw name="Input Text" owner="SeleniumLibrary">
<msg time="2025-03-07T09:23:34.865766" level="INFO">Typing text '@#$' into text field 'id:username'.</msg>
<msg time="2025-03-07T09:23:35.541203" level="INFO" html="true">&lt;/td&gt;&lt;/tr&gt;&lt;tr&gt;&lt;td colspan="3"&gt;&lt;a href="selenium-screenshot-1.png"&gt;&lt;img src="selenium-screenshot-1.png" width="800px"&gt;&lt;/a&gt;</msg>
<msg time="2025-03-07T09:23:35.541567" level="FAIL">Element with locator 'id:username' not found.</msg>
<arg>id:username</arg>
<arg>${username}</arg>
<doc>Types the given ``text`` into the text field identified by ``locator``.</doc>
<status status="FAIL" start="2025-03-07T09:23:34.865110" elapsed="0.681212">Element with locator 'id:username' not found.</status>
</kw>
<kw name="Input Password" owner="SeleniumLibrary">
<arg>id:password</arg>
<arg>${password}</arg>
<doc>Types the given password into the text field identified by ``locator``.</doc>
<status status="NOT RUN" start="2025-03-07T09:23:35.546842" elapsed="0.000084"/>
</kw>
<kw name="Click Button" owner="SeleniumLibrary">
<arg>id:signInBtn</arg>
<doc>Clicks the button identified by ``locator``.</doc>
<status status="NOT RUN" start="2025-03-07T09:23:35.547088" elapsed="0.000035"/>
</kw>
<arg>${username}</arg>
<arg>${password}</arg>
<status status="FAIL" start="2025-03-07T09:23:34.864574" elapsed="0.682706">Element with locator 'id:username' not found.</status>
</kw>
<kw name="wait until it checks and display error message">
<status status="NOT RUN" start="2025-03-07T09:23:35.547423" elapsed="0.000038"/>
</kw>
<kw name="verify error message is correct">
<status status="NOT RUN" start="2025-03-07T09:23:35.547525" elapsed="0.000021"/>
</kw>
<arg>@#$</arg>
<arg>learning</arg>
<status status="FAIL" start="2025-03-07T09:23:33.679568" elapsed="1.868038">Element with locator 'id:username' not found.</status>
</kw>
<kw name="Close Browser" owner="SeleniumLibrary" type="TEARDOWN">
<doc>Closes the current browser.</doc>
<status status="PASS" start="2025-03-07T09:23:35.547947" elapsed="0.075373"/>
</kw>
<status status="FAIL" start="2025-03-07T09:23:33.679256" elapsed="1.944165">Element with locator 'id:username' not found.</status>
</test>
<doc>To validate the login form</doc>
<status status="FAIL" start="2025-03-07T09:23:18.004083" elapsed="17.620056"/>
</suite>
<status status="FAIL" start="2025-03-07T09:23:17.997686" elapsed="17.629742"/>
</suite>
<statistics>
<total>
<stat pass="2" fail="1" skip="0">All Tests</stat>
</total>
<tag>
</tag>
<suite>
<stat pass="2" fail="1" skip="0" id="s1" name="Tests">Tests</stat>
<stat pass="2" fail="1" skip="0" id="s1-s1" name="testDemo4">Tests.testDemo4</stat>
</suite>
</statistics>
<errors>
</errors>
</robot>
